{"/Users/zhangyuanqing/works/github/reactuse/packages/ts-document/src/default.ts": {"path":"/Users/zhangyuanqing/works/github/reactuse/packages/ts-document/src/default.ts","statementMap":{"0":{"start":{"line":3,"column":13},"end":{"line":3,"column":null}},"1":{"start":{"line":5,"column":13},"end":{"line":32,"column":null}},"2":{"start":{"line":34,"column":36},"end":{"line":34,"column":96}},"3":{"start":{"line":34,"column":82},"end":{"line":34,"column":96}},"4":{"start":{"line":34,"column":13},"end":{"line":34,"column":36}},"5":{"start":{"line":36,"column":13},"end":{"line":96,"column":null}}},"fnMap":{"0":{"name":"(anonymous_0)","decl":{"start":{"line":34,"column":36},"end":{"line":34,"column":37}},"loc":{"start":{"line":34,"column":82},"end":{"line":34,"column":96}}}},"branchMap":{},"s":{"0":0,"1":0,"2":0,"3":0,"4":0,"5":0},"f":{"0":0},"b":{}}
,"/Users/zhangyuanqing/works/github/reactuse/packages/ts-document/src/generate.ts": {"path":"/Users/zhangyuanqing/works/github/reactuse/packages/ts-document/src/generate.ts","statementMap":{"0":{"start":{"line":10,"column":0},"end":{"line":10,"column":56}},"1":{"start":{"line":23,"column":0},"end":{"line":23,"column":64}},"2":{"start":{"line":24,"column":0},"end":{"line":24,"column":37}},"3":{"start":{"line":26,"column":21},"end":{"line":26,"column":65}},"4":{"start":{"line":36,"column":25},"end":{"line":36,"column":33}},"5":{"start":{"line":38,"column":34},"end":{"line":38,"column":46}},"6":{"start":{"line":40,"column":24},"end":{"line":45,"column":2}},"7":{"start":{"line":48,"column":22},"end":{"line":48,"column":50}},"8":{"start":{"line":53,"column":2},"end":{"line":53,"column":null}},"9":{"start":{"line":58,"column":22},"end":{"line":58,"column":46}},"10":{"start":{"line":59,"column":2},"end":{"line":61,"column":3}},"11":{"start":{"line":60,"column":4},"end":{"line":60,"column":10}},"12":{"start":{"line":62,"column":15},"end":{"line":62,"column":29}},"13":{"start":{"line":63,"column":21},"end":{"line":63,"column":43}},"14":{"start":{"line":64,"column":15},"end":{"line":64,"column":29}},"15":{"start":{"line":66,"column":2},"end":{"line":70,"column":null}},"16":{"start":{"line":75,"column":36},"end":{"line":75,"column":45}},"17":{"start":{"line":76,"column":18},"end":{"line":76,"column":61}},"18":{"start":{"line":79,"column":2},"end":{"line":97,"column":3}},"19":{"start":{"line":80,"column":17},"end":{"line":80,"column":33}},"20":{"start":{"line":81,"column":18},"end":{"line":81,"column":44}},"21":{"start":{"line":83,"column":4},"end":{"line":86,"column":5}},"22":{"start":{"line":84,"column":6},"end":{"line":84,"column":null}},"23":{"start":{"line":85,"column":6},"end":{"line":85,"column":14}},"24":{"start":{"line":88,"column":4},"end":{"line":96,"column":5}},"25":{"start":{"line":89,"column":6},"end":{"line":89,"column":null}},"26":{"start":{"line":92,"column":6},"end":{"line":94,"column":7}},"27":{"start":{"line":93,"column":8},"end":{"line":93,"column":16}},"28":{"start":{"line":95,"column":6},"end":{"line":95,"column":null}},"29":{"start":{"line":99,"column":2},"end":{"line":102,"column":null}},"30":{"start":{"line":101,"column":46},"end":{"line":101,"column":66}},"31":{"start":{"line":107,"column":20},"end":{"line":107,"column":53}},"32":{"start":{"line":108,"column":26},"end":{"line":111,"column":5}},"33":{"start":{"line":108,"column":47},"end":{"line":111,"column":5}},"34":{"start":{"line":114,"column":2},"end":{"line":123,"column":3}},"35":{"start":{"line":115,"column":28},"end":{"line":115,"column":81}},"36":{"start":{"line":116,"column":4},"end":{"line":122,"column":5}},"37":{"start":{"line":117,"column":6},"end":{"line":121,"column":null}},"38":{"start":{"line":118,"column":8},"end":{"line":120,"column":9}},"39":{"start":{"line":118,"column":37},"end":{"line":118,"column":67}},"40":{"start":{"line":119,"column":10},"end":{"line":119,"column":null}},"41":{"start":{"line":125,"column":2},"end":{"line":125,"column":null}},"42":{"start":{"line":129,"column":2},"end":{"line":129,"column":null}},"43":{"start":{"line":137,"column":6},"end":{"line":137,"column":90}},"44":{"start":{"line":138,"column":2},"end":{"line":142,"column":3}},"45":{"start":{"line":140,"column":4},"end":{"line":140,"column":null}},"46":{"start":{"line":141,"column":4},"end":{"line":141,"column":null}},"47":{"start":{"line":143,"column":2},"end":{"line":143,"column":null}},"48":{"start":{"line":149,"column":2},"end":{"line":151,"column":3}},"49":{"start":{"line":150,"column":4},"end":{"line":150,"column":null}},"50":{"start":{"line":152,"column":27},"end":{"line":152,"column":72}},"51":{"start":{"line":153,"column":2},"end":{"line":155,"column":3}},"52":{"start":{"line":154,"column":4},"end":{"line":154,"column":null}},"53":{"start":{"line":156,"column":18},"end":{"line":156,"column":61}},"54":{"start":{"line":157,"column":2},"end":{"line":163,"column":3}},"55":{"start":{"line":162,"column":4},"end":{"line":162,"column":null}},"56":{"start":{"line":165,"column":2},"end":{"line":167,"column":null}},"57":{"start":{"line":172,"column":22},"end":{"line":172,"column":43}},"58":{"start":{"line":173,"column":2},"end":{"line":175,"column":3}},"59":{"start":{"line":174,"column":4},"end":{"line":174,"column":null}},"60":{"start":{"line":176,"column":2},"end":{"line":176,"column":null}},"61":{"start":{"line":180,"column":2},"end":{"line":180,"column":null}},"62":{"start":{"line":184,"column":22},"end":{"line":184,"column":52}},"63":{"start":{"line":186,"column":2},"end":{"line":186,"column":null}},"64":{"start":{"line":201,"column":2},"end":{"line":203,"column":3}},"65":{"start":{"line":202,"column":4},"end":{"line":202,"column":10}},"66":{"start":{"line":204,"column":2},"end":{"line":206,"column":3}},"67":{"start":{"line":205,"column":4},"end":{"line":205,"column":10}},"68":{"start":{"line":207,"column":2},"end":{"line":254,"column":null}},"69":{"start":{"line":208,"column":29},"end":{"line":208,"column":49}},"70":{"start":{"line":209,"column":31},"end":{"line":209,"column":64}},"71":{"start":{"line":210,"column":18},"end":{"line":210,"column":47}},"72":{"start":{"line":211,"column":4},"end":{"line":219,"column":5}},"73":{"start":{"line":218,"column":6},"end":{"line":218,"column":12}},"74":{"start":{"line":220,"column":4},"end":{"line":220,"column":null}},"75":{"start":{"line":221,"column":37},"end":{"line":230,"column":null}},"76":{"start":{"line":231,"column":4},"end":{"line":234,"column":null}},"77":{"start":{"line":235,"column":4},"end":{"line":253,"column":5}},"78":{"start":{"line":236,"column":21},"end":{"line":236,"column":90}},"79":{"start":{"line":238,"column":23},"end":{"line":238,"column":55}},"80":{"start":{"line":239,"column":6},"end":{"line":244,"column":null}},"81":{"start":{"line":240,"column":30},"end":{"line":240,"column":54}},"82":{"start":{"line":241,"column":8},"end":{"line":243,"column":9}},"83":{"start":{"line":242,"column":10},"end":{"line":242,"column":null}},"84":{"start":{"line":246,"column":9},"end":{"line":253,"column":5}},"85":{"start":{"line":248,"column":7},"end":{"line":252,"column":null}},"86":{"start":{"line":251,"column":10},"end":{"line":251,"column":null}},"87":{"start":{"line":255,"column":2},"end":{"line":255,"column":null}},"88":{"start":{"line":264,"column":21},"end":{"line":269,"column":null}},"89":{"start":{"line":271,"column":2},"end":{"line":304,"column":null}},"90":{"start":{"line":272,"column":17},"end":{"line":272,"column":42}},"91":{"start":{"line":274,"column":4},"end":{"line":302,"column":5}},"92":{"start":{"line":275,"column":27},"end":{"line":275,"column":36}},"93":{"start":{"line":277,"column":6},"end":{"line":301,"column":7}},"94":{"start":{"line":278,"column":25},"end":{"line":278,"column":69}},"95":{"start":{"line":279,"column":8},"end":{"line":281,"column":9}},"96":{"start":{"line":280,"column":10},"end":{"line":280,"column":18}},"97":{"start":{"line":282,"column":34},"end":{"line":282,"column":86}},"98":{"start":{"line":282,"column":62},"end":{"line":282,"column":85}},"99":{"start":{"line":284,"column":8},"end":{"line":296,"column":9}},"100":{"start":{"line":286,"column":10},"end":{"line":286,"column":null}},"101":{"start":{"line":289,"column":35},"end":{"line":289,"column":92}},"102":{"start":{"line":290,"column":33},"end":{"line":290,"column":76}},"103":{"start":{"line":291,"column":28},"end":{"line":291,"column":93}},"104":{"start":{"line":293,"column":10},"end":{"line":295,"column":11}},"105":{"start":{"line":294,"column":12},"end":{"line":294,"column":null}},"106":{"start":{"line":298,"column":8},"end":{"line":300,"column":9}},"107":{"start":{"line":299,"column":10},"end":{"line":299,"column":null}},"108":{"start":{"line":303,"column":4},"end":{"line":303,"column":null}},"109":{"start":{"line":305,"column":2},"end":{"line":305,"column":null}},"110":{"start":{"line":317,"column":15},"end":{"line":317,"column":28}},"111":{"start":{"line":318,"column":22},"end":{"line":318,"column":46}},"112":{"start":{"line":320,"column":2},"end":{"line":322,"column":3}},"113":{"start":{"line":321,"column":4},"end":{"line":321,"column":null}},"114":{"start":{"line":324,"column":19},"end":{"line":324,"column":40}},"115":{"start":{"line":325,"column":18},"end":{"line":325,"column":51}},"116":{"start":{"line":327,"column":2},"end":{"line":329,"column":3}},"117":{"start":{"line":328,"column":4},"end":{"line":328,"column":null}},"118":{"start":{"line":331,"column":15},"end":{"line":331,"column":48}},"119":{"start":{"line":332,"column":2},"end":{"line":349,"column":3}},"120":{"start":{"line":332,"column":30},"end":{"line":332,"column":78}},"121":{"start":{"line":334,"column":4},"end":{"line":334,"column":null}},"122":{"start":{"line":336,"column":25},"end":{"line":340,"column":null}},"123":{"start":{"line":343,"column":4},"end":{"line":348,"column":null}},"124":{"start":{"line":351,"column":2},"end":{"line":357,"column":null}},"125":{"start":{"line":368,"column":2},"end":{"line":399,"column":null}},"126":{"start":{"line":371,"column":6},"end":{"line":371,"column":null}},"127":{"start":{"line":373,"column":19},"end":{"line":373,"column":66}},"128":{"start":{"line":374,"column":27},"end":{"line":381,"column":null}},"129":{"start":{"line":384,"column":6},"end":{"line":393,"column":null}},"130":{"start":{"line":391,"column":37},"end":{"line":391,"column":82}},"131":{"start":{"line":408,"column":21},"end":{"line":408,"column":54}},"132":{"start":{"line":409,"column":22},"end":{"line":409,"column":56}},"133":{"start":{"line":410,"column":20},"end":{"line":410,"column":52}},"134":{"start":{"line":411,"column":19},"end":{"line":411,"column":59}},"135":{"start":{"line":412,"column":24},"end":{"line":412,"column":null}},"136":{"start":{"line":413,"column":25},"end":{"line":413,"column":47}},"137":{"start":{"line":414,"column":24},"end":{"line":414,"column":69}},"138":{"start":{"line":416,"column":44},"end":{"line":416,"column":46}},"139":{"start":{"line":417,"column":33},"end":{"line":417,"column":35}},"140":{"start":{"line":418,"column":37},"end":{"line":418,"column":39}},"141":{"start":{"line":419,"column":30},"end":{"line":419,"column":45}},"142":{"start":{"line":421,"column":2},"end":{"line":510,"column":null}},"143":{"start":{"line":423,"column":6},"end":{"line":423,"column":null}},"144":{"start":{"line":426,"column":30},"end":{"line":426,"column":67}},"145":{"start":{"line":427,"column":20},"end":{"line":427,"column":null}},"146":{"start":{"line":432,"column":6},"end":{"line":434,"column":7}},"147":{"start":{"line":433,"column":8},"end":{"line":433,"column":14}},"148":{"start":{"line":438,"column":10},"end":{"line":442,"column":18}},"149":{"start":{"line":445,"column":6},"end":{"line":501,"column":7}},"150":{"start":{"line":446,"column":8},"end":{"line":455,"column":null}},"151":{"start":{"line":458,"column":11},"end":{"line":501,"column":7}},"152":{"start":{"line":459,"column":37},"end":{"line":459,"column":39}},"153":{"start":{"line":460,"column":8},"end":{"line":472,"column":null}},"154":{"start":{"line":461,"column":25},"end":{"line":467,"column":null}},"155":{"start":{"line":469,"column":10},"end":{"line":471,"column":11}},"156":{"start":{"line":470,"column":12},"end":{"line":470,"column":null}},"157":{"start":{"line":473,"column":8},"end":{"line":473,"column":null}},"158":{"start":{"line":474,"column":8},"end":{"line":476,"column":9}},"159":{"start":{"line":475,"column":10},"end":{"line":475,"column":null}},"160":{"start":{"line":480,"column":37},"end":{"line":480,"column":39}},"161":{"start":{"line":481,"column":21},"end":{"line":481,"column":63}},"162":{"start":{"line":482,"column":8},"end":{"line":500,"column":9}},"163":{"start":{"line":483,"column":10},"end":{"line":483,"column":null}},"164":{"start":{"line":486,"column":10},"end":{"line":498,"column":null}},"165":{"start":{"line":487,"column":27},"end":{"line":493,"column":null}},"166":{"start":{"line":495,"column":12},"end":{"line":497,"column":13}},"167":{"start":{"line":496,"column":14},"end":{"line":496,"column":null}},"168":{"start":{"line":499,"column":10},"end":{"line":499,"column":null}},"169":{"start":{"line":503,"column":6},"end":{"line":506,"column":7}},"170":{"start":{"line":504,"column":8},"end":{"line":504,"column":63}},"171":{"start":{"line":505,"column":8},"end":{"line":505,"column":null}},"172":{"start":{"line":508,"column":6},"end":{"line":508,"column":null}},"173":{"start":{"line":509,"column":6},"end":{"line":509,"column":null}},"174":{"start":{"line":512,"column":13},"end":{"line":512,"column":23}},"175":{"start":{"line":513,"column":12},"end":{"line":513,"column":21}},"176":{"start":{"line":514,"column":2},"end":{"line":523,"column":3}},"177":{"start":{"line":515,"column":4},"end":{"line":515,"column":null}},"178":{"start":{"line":516,"column":4},"end":{"line":522,"column":null}},"179":{"start":{"line":519,"column":8},"end":{"line":519,"column":null}},"180":{"start":{"line":520,"column":8},"end":{"line":520,"column":null}},"181":{"start":{"line":524,"column":2},"end":{"line":524,"column":null}},"182":{"start":{"line":532,"column":2},"end":{"line":539,"column":null}},"183":{"start":{"line":535,"column":6},"end":{"line":535,"column":null}},"184":{"start":{"line":541,"column":2},"end":{"line":541,"column":null}},"185":{"start":{"line":543,"column":18},"end":{"line":543,"column":52}},"186":{"start":{"line":545,"column":2},"end":{"line":547,"column":3}},"187":{"start":{"line":546,"column":4},"end":{"line":546,"column":null}},"188":{"start":{"line":549,"column":22},"end":{"line":549,"column":46}},"189":{"start":{"line":550,"column":21},"end":{"line":550,"column":48}},"190":{"start":{"line":552,"column":2},"end":{"line":554,"column":3}},"191":{"start":{"line":553,"column":4},"end":{"line":553,"column":10}},"192":{"start":{"line":556,"column":2},"end":{"line":556,"column":null}},"193":{"start":{"line":559,"column":0},"end":{"line":559,"column":null}}},"fnMap":{"0":{"name":"setConfig","decl":{"start":{"line":52,"column":9},"end":{"line":52,"column":18}},"loc":{"start":{"line":52,"column":37},"end":{"line":54,"column":1}}},"1":{"name":"extractFromPropertyText","decl":{"start":{"line":57,"column":9},"end":{"line":57,"column":32}},"loc":{"start":{"line":57,"column":45},"end":{"line":71,"column":1}}},"2":{"name":"getDeclarationTags","decl":{"start":{"line":74,"column":9},"end":{"line":74,"column":27}},"loc":{"start":{"line":74,"column":76},"end":{"line":103,"column":1}}},"3":{"name":"(anonymous_3)","decl":{"start":{"line":101,"column":27},"end":{"line":101,"column":28}},"loc":{"start":{"line":101,"column":46},"end":{"line":101,"column":66}}},"4":{"name":"getSymbolTags","decl":{"start":{"line":106,"column":9},"end":{"line":106,"column":22}},"loc":{"start":{"line":106,"column":57},"end":{"line":126,"column":1}}},"5":{"name":"(anonymous_5)","decl":{"start":{"line":108,"column":40},"end":{"line":108,"column":43}},"loc":{"start":{"line":108,"column":46},"end":{"line":111,"column":5}}},"6":{"name":"(anonymous_6)","decl":{"start":{"line":117,"column":40},"end":{"line":117,"column":61}},"loc":{"start":{"line":117,"column":64},"end":{"line":121,"column":7}}},"7":{"name":"(anonymous_7)","decl":{"start":{"line":118,"column":23},"end":{"line":118,"column":24}},"loc":{"start":{"line":118,"column":37},"end":{"line":118,"column":67}}},"8":{"name":"getSymbolByType","decl":{"start":{"line":128,"column":9},"end":{"line":128,"column":24}},"loc":{"start":{"line":128,"column":35},"end":{"line":130,"column":1}}},"9":{"name":"hasJSDocTitle","decl":{"start":{"line":132,"column":9},"end":{"line":132,"column":22}},"loc":{"start":{"line":134,"column":32},"end":{"line":144,"column":1}}},"10":{"name":"isTarget","decl":{"start":{"line":147,"column":9},"end":{"line":147,"column":17}},"loc":{"start":{"line":147,"column":60},"end":{"line":168,"column":1}}},"11":{"name":"isAliasDeclaration","decl":{"start":{"line":170,"column":9},"end":{"line":170,"column":27}},"loc":{"start":{"line":170,"column":38},"end":{"line":177,"column":1}}},"12":{"name":"getDeclarationBySymbol","decl":{"start":{"line":179,"column":9},"end":{"line":179,"column":31}},"loc":{"start":{"line":179,"column":47},"end":{"line":181,"column":1}}},"13":{"name":"getDeclarationTextBySymbol","decl":{"start":{"line":183,"column":9},"end":{"line":183,"column":35}},"loc":{"start":{"line":183,"column":51},"end":{"line":187,"column":1}}},"14":{"name":"dumpNestedTypes","decl":{"start":{"line":196,"column":9},"end":{"line":196,"column":24}},"loc":{"start":{"line":199,"column":30},"end":{"line":256,"column":1}}},"15":{"name":"(anonymous_15)","decl":{"start":{"line":207,"column":32},"end":{"line":207,"column":42}},"loc":{"start":{"line":207,"column":45},"end":{"line":254,"column":3}}},"16":{"name":"(anonymous_16)","decl":{"start":{"line":239,"column":23},"end":{"line":239,"column":30}},"loc":{"start":{"line":239,"column":33},"end":{"line":244,"column":7}}},"17":{"name":"(anonymous_17)","decl":{"start":{"line":250,"column":17},"end":{"line":250,"column":18}},"loc":{"start":{"line":250,"column":21},"end":{"line":252,"column":9}}},"18":{"name":"getDisplayTypeWithLink","decl":{"start":{"line":258,"column":9},"end":{"line":258,"column":31}},"loc":{"start":{"line":262,"column":30},"end":{"line":306,"column":1}}},"19":{"name":"(anonymous_19)","decl":{"start":{"line":271,"column":23},"end":{"line":271,"column":32}},"loc":{"start":{"line":271,"column":35},"end":{"line":304,"column":3}}},"20":{"name":"(anonymous_20)","decl":{"start":{"line":282,"column":54},"end":{"line":282,"column":58}},"loc":{"start":{"line":282,"column":62},"end":{"line":282,"column":85}}},"21":{"name":"getPropertySchema","decl":{"start":{"line":309,"column":9},"end":{"line":309,"column":26}},"loc":{"start":{"line":315,"column":30},"end":{"line":358,"column":1}}},"22":{"name":"(anonymous_22)","decl":{"start":{"line":332,"column":16},"end":{"line":332,"column":17}},"loc":{"start":{"line":332,"column":30},"end":{"line":332,"column":78}}},"23":{"name":"getFunctionSchema","decl":{"start":{"line":361,"column":9},"end":{"line":361,"column":26}},"loc":{"start":{"line":366,"column":30},"end":{"line":400,"column":1}}},"24":{"name":"(anonymous_24)","decl":{"start":{"line":369,"column":44},"end":{"line":369,"column":48}},"loc":{"start":{"line":369,"column":51},"end":{"line":394,"column":5}}},"25":{"name":"(anonymous_25)","decl":{"start":{"line":391,"column":23},"end":{"line":391,"column":24}},"loc":{"start":{"line":391,"column":37},"end":{"line":391,"column":82}}},"26":{"name":"generateSchema","decl":{"start":{"line":402,"column":9},"end":{"line":402,"column":23}},"loc":{"start":{"line":406,"column":15},"end":{"line":525,"column":1}}},"27":{"name":"(anonymous_27)","decl":{"start":{"line":422,"column":10},"end":{"line":422,"column":11}},"loc":{"start":{"line":422,"column":41},"end":{"line":424,"column":5}}},"28":{"name":"(anonymous_28)","decl":{"start":{"line":425,"column":13},"end":{"line":425,"column":24}},"loc":{"start":{"line":425,"column":27},"end":{"line":510,"column":5}}},"29":{"name":"(anonymous_29)","decl":{"start":{"line":460,"column":71},"end":{"line":460,"column":72}},"loc":{"start":{"line":460,"column":75},"end":{"line":472,"column":9}}},"30":{"name":"(anonymous_30)","decl":{"start":{"line":486,"column":73},"end":{"line":486,"column":74}},"loc":{"start":{"line":486,"column":77},"end":{"line":498,"column":11}}},"31":{"name":"(anonymous_31)","decl":{"start":{"line":518,"column":31},"end":{"line":518,"column":32}},"loc":{"start":{"line":518,"column":48},"end":{"line":521,"column":7}}},"32":{"name":"generate","decl":{"start":{"line":527,"column":9},"end":{"line":527,"column":17}},"loc":{"start":{"line":530,"column":15},"end":{"line":557,"column":1}}},"33":{"name":"(anonymous_33)","decl":{"start":{"line":534,"column":4},"end":{"line":534,"column":20}},"loc":{"start":{"line":534,"column":47},"end":{"line":536,"column":5}}}},"branchMap":{"0":{"loc":{"start":{"line":59,"column":2},"end":{"line":61,"column":3}},"type":"if","locations":[{"start":{"line":59,"column":2},"end":{"line":61,"column":3}}]},"1":{"loc":{"start":{"line":74,"column":65},"end":{"line":74,"column":76}},"type":"default-arg","locations":[{"start":{"line":74,"column":72},"end":{"line":74,"column":76}}]},"2":{"loc":{"start":{"line":76,"column":18},"end":{"line":76,"column":61}},"type":"binary-expr","locations":[{"start":{"line":76,"column":18},"end":{"line":76,"column":55}},{"start":{"line":76,"column":59},"end":{"line":76,"column":61}}]},"3":{"loc":{"start":{"line":76,"column":18},"end":{"line":76,"column":55}},"type":"cond-expr","locations":[{"start":{"line":76,"column":44},"end":{"line":76,"column":46}},{"start":{"line":76,"column":44},"end":{"line":76,"column":55}}]},"4":{"loc":{"start":{"line":76,"column":18},"end":{"line":76,"column":46}},"type":"binary-expr","locations":[{"start":{"line":76,"column":18},"end":{"line":76,"column":46}},{"start":{"line":76,"column":44},"end":{"line":76,"column":46}}]},"5":{"loc":{"start":{"line":81,"column":18},"end":{"line":81,"column":44}},"type":"binary-expr","locations":[{"start":{"line":81,"column":18},"end":{"line":81,"column":38}},{"start":{"line":81,"column":42},"end":{"line":81,"column":44}}]},"6":{"loc":{"start":{"line":83,"column":4},"end":{"line":86,"column":5}},"type":"if","locations":[{"start":{"line":83,"column":4},"end":{"line":86,"column":5}}]},"7":{"loc":{"start":{"line":88,"column":4},"end":{"line":96,"column":5}},"type":"if","locations":[{"start":{"line":88,"column":4},"end":{"line":96,"column":5}},{"start":{"line":91,"column":9},"end":{"line":96,"column":5}}]},"8":{"loc":{"start":{"line":92,"column":6},"end":{"line":94,"column":7}},"type":"if","locations":[{"start":{"line":92,"column":6},"end":{"line":94,"column":7}}]},"9":{"loc":{"start":{"line":106,"column":36},"end":{"line":106,"column":57}},"type":"default-arg","locations":[{"start":{"line":106,"column":52},"end":{"line":106,"column":57}}]},"10":{"loc":{"start":{"line":110,"column":11},"end":{"line":110,"column":35}},"type":"binary-expr","locations":[{"start":{"line":110,"column":11},"end":{"line":110,"column":29}},{"start":{"line":110,"column":33},"end":{"line":110,"column":35}}]},"11":{"loc":{"start":{"line":110,"column":11},"end":{"line":110,"column":29}},"type":"cond-expr","locations":[{"start":{"line":110,"column":19},"end":{"line":110,"column":22}},{"start":{"line":110,"column":19},"end":{"line":110,"column":29}}]},"12":{"loc":{"start":{"line":110,"column":11},"end":{"line":110,"column":22}},"type":"binary-expr","locations":[{"start":{"line":110,"column":11},"end":{"line":110,"column":22}},{"start":{"line":110,"column":19},"end":{"line":110,"column":22}}]},"13":{"loc":{"start":{"line":114,"column":2},"end":{"line":123,"column":3}},"type":"if","locations":[{"start":{"line":114,"column":2},"end":{"line":123,"column":3}}]},"14":{"loc":{"start":{"line":116,"column":4},"end":{"line":122,"column":5}},"type":"if","locations":[{"start":{"line":116,"column":4},"end":{"line":122,"column":5}}]},"15":{"loc":{"start":{"line":116,"column":8},"end":{"line":116,"column":76}},"type":"binary-expr","locations":[{"start":{"line":116,"column":8},"end":{"line":116,"column":21}},{"start":{"line":116,"column":25},"end":{"line":116,"column":54}},{"start":{"line":116,"column":58},"end":{"line":116,"column":76}}]},"16":{"loc":{"start":{"line":118,"column":8},"end":{"line":120,"column":9}},"type":"if","locations":[{"start":{"line":118,"column":8},"end":{"line":120,"column":9}}]},"17":{"loc":{"start":{"line":129,"column":9},"end":{"line":129,"column":50}},"type":"binary-expr","locations":[{"start":{"line":129,"column":9},"end":{"line":129,"column":30}},{"start":{"line":129,"column":34},"end":{"line":129,"column":50}}]},"18":{"loc":{"start":{"line":137,"column":6},"end":{"line":137,"column":90}},"type":"binary-expr","locations":[{"start":{"line":137,"column":7},"end":{"line":137,"column":18}},{"start":{"line":137,"column":22},"end":{"line":137,"column":48}},{"start":{"line":137,"column":52},"end":{"line":137,"column":83}},{"start":{"line":137,"column":88},"end":{"line":137,"column":90}}]},"19":{"loc":{"start":{"line":138,"column":2},"end":{"line":142,"column":3}},"type":"if","locations":[{"start":{"line":138,"column":2},"end":{"line":142,"column":3}}]},"20":{"loc":{"start":{"line":149,"column":2},"end":{"line":151,"column":3}},"type":"if","locations":[{"start":{"line":149,"column":2},"end":{"line":151,"column":3}}]},"21":{"loc":{"start":{"line":153,"column":2},"end":{"line":155,"column":3}},"type":"if","locations":[{"start":{"line":153,"column":2},"end":{"line":155,"column":3}}]},"22":{"loc":{"start":{"line":156,"column":18},"end":{"line":156,"column":61}},"type":"cond-expr","locations":[{"start":{"line":156,"column":46},"end":{"line":156,"column":48}},{"start":{"line":156,"column":46},"end":{"line":156,"column":61}}]},"23":{"loc":{"start":{"line":156,"column":18},"end":{"line":156,"column":48}},"type":"binary-expr","locations":[{"start":{"line":156,"column":18},"end":{"line":156,"column":48}},{"start":{"line":156,"column":46},"end":{"line":156,"column":48}}]},"24":{"loc":{"start":{"line":156,"column":18},"end":{"line":156,"column":46}},"type":"cond-expr","locations":[{"start":{"line":156,"column":29},"end":{"line":156,"column":31}},{"start":{"line":156,"column":18},"end":{"line":156,"column":46}}]},"25":{"loc":{"start":{"line":156,"column":18},"end":{"line":156,"column":31}},"type":"binary-expr","locations":[{"start":{"line":156,"column":18},"end":{"line":156,"column":31}},{"start":{"line":156,"column":18},"end":{"line":156,"column":31}}]},"26":{"loc":{"start":{"line":157,"column":2},"end":{"line":163,"column":3}},"type":"if","locations":[{"start":{"line":157,"column":2},"end":{"line":163,"column":3}}]},"27":{"loc":{"start":{"line":159,"column":4},"end":{"line":160,"column":40}},"type":"binary-expr","locations":[{"start":{"line":159,"column":4},"end":{"line":159,"column":11}},{"start":{"line":160,"column":7},"end":{"line":160,"column":40}}]},"28":{"loc":{"start":{"line":166,"column":4},"end":{"line":166,"column":99}},"type":"binary-expr","locations":[{"start":{"line":166,"column":4},"end":{"line":166,"column":22}},{"start":{"line":166,"column":26},"end":{"line":166,"column":39}},{"start":{"line":166,"column":43},"end":{"line":166,"column":71}},{"start":{"line":166,"column":75},"end":{"line":166,"column":99}}]},"29":{"loc":{"start":{"line":173,"column":2},"end":{"line":175,"column":3}},"type":"if","locations":[{"start":{"line":173,"column":2},"end":{"line":175,"column":3}}]},"30":{"loc":{"start":{"line":174,"column":11},"end":{"line":174,"column":57}},"type":"cond-expr","locations":[{"start":{"line":174,"column":46},"end":{"line":174,"column":48}},{"start":{"line":174,"column":46},"end":{"line":174,"column":57}}]},"31":{"loc":{"start":{"line":174,"column":11},"end":{"line":174,"column":48}},"type":"binary-expr","locations":[{"start":{"line":174,"column":11},"end":{"line":174,"column":48}},{"start":{"line":174,"column":46},"end":{"line":174,"column":48}}]},"32":{"loc":{"start":{"line":180,"column":9},"end":{"line":180,"column":39}},"type":"cond-expr","locations":[{"start":{"line":180,"column":34},"end":{"line":180,"column":37}},{"start":{"line":180,"column":34},"end":{"line":180,"column":39}}]},"33":{"loc":{"start":{"line":180,"column":9},"end":{"line":180,"column":37}},"type":"binary-expr","locations":[{"start":{"line":180,"column":9},"end":{"line":180,"column":37}},{"start":{"line":180,"column":34},"end":{"line":180,"column":37}}]},"34":{"loc":{"start":{"line":180,"column":9},"end":{"line":180,"column":34}},"type":"cond-expr","locations":[{"start":{"line":180,"column":15},"end":{"line":180,"column":17}},{"start":{"line":180,"column":9},"end":{"line":180,"column":34}}]},"35":{"loc":{"start":{"line":180,"column":9},"end":{"line":180,"column":17}},"type":"binary-expr","locations":[{"start":{"line":180,"column":9},"end":{"line":180,"column":17}},{"start":{"line":180,"column":9},"end":{"line":180,"column":17}}]},"36":{"loc":{"start":{"line":186,"column":13},"end":{"line":186,"column":39}},"type":"binary-expr","locations":[{"start":{"line":186,"column":13},"end":{"line":186,"column":33}},{"start":{"line":186,"column":37},"end":{"line":186,"column":39}}]},"37":{"loc":{"start":{"line":186,"column":13},"end":{"line":186,"column":33}},"type":"cond-expr","locations":[{"start":{"line":186,"column":24},"end":{"line":186,"column":26}},{"start":{"line":186,"column":13},"end":{"line":186,"column":33}}]},"38":{"loc":{"start":{"line":186,"column":13},"end":{"line":186,"column":26}},"type":"binary-expr","locations":[{"start":{"line":186,"column":13},"end":{"line":186,"column":26}},{"start":{"line":186,"column":13},"end":{"line":186,"column":26}}]},"39":{"loc":{"start":{"line":201,"column":2},"end":{"line":203,"column":3}},"type":"if","locations":[{"start":{"line":201,"column":2},"end":{"line":203,"column":3}}]},"40":{"loc":{"start":{"line":204,"column":2},"end":{"line":206,"column":3}},"type":"if","locations":[{"start":{"line":204,"column":2},"end":{"line":206,"column":3}}]},"41":{"loc":{"start":{"line":210,"column":18},"end":{"line":210,"column":47}},"type":"cond-expr","locations":[{"start":{"line":210,"column":36},"end":{"line":210,"column":38}},{"start":{"line":210,"column":18},"end":{"line":210,"column":47}}]},"42":{"loc":{"start":{"line":210,"column":18},"end":{"line":210,"column":38}},"type":"binary-expr","locations":[{"start":{"line":210,"column":18},"end":{"line":210,"column":38}},{"start":{"line":210,"column":18},"end":{"line":210,"column":38}}]},"43":{"loc":{"start":{"line":211,"column":4},"end":{"line":219,"column":5}},"type":"if","locations":[{"start":{"line":211,"column":4},"end":{"line":219,"column":5}}]},"44":{"loc":{"start":{"line":213,"column":6},"end":{"line":216,"column":55}},"type":"binary-expr","locations":[{"start":{"line":213,"column":6},"end":{"line":213,"column":34}},{"start":{"line":214,"column":9},"end":{"line":214,"column":15}},{"start":{"line":215,"column":9},"end":{"line":215,"column":41}},{"start":{"line":216,"column":9},"end":{"line":216,"column":55}}]},"45":{"loc":{"start":{"line":235,"column":4},"end":{"line":253,"column":5}},"type":"if","locations":[{"start":{"line":235,"column":4},"end":{"line":253,"column":5}},{"start":{"line":246,"column":9},"end":{"line":253,"column":5}}]},"46":{"loc":{"start":{"line":236,"column":21},"end":{"line":236,"column":90}},"type":"cond-expr","locations":[{"start":{"line":236,"column":50},"end":{"line":236,"column":65}},{"start":{"line":236,"column":68},"end":{"line":236,"column":90}}]},"47":{"loc":{"start":{"line":238,"column":23},"end":{"line":238,"column":55}},"type":"binary-expr","locations":[{"start":{"line":238,"column":23},"end":{"line":238,"column":49}},{"start":{"line":238,"column":53},"end":{"line":238,"column":55}}]},"48":{"loc":{"start":{"line":241,"column":8},"end":{"line":243,"column":9}},"type":"if","locations":[{"start":{"line":241,"column":8},"end":{"line":243,"column":9}}]},"49":{"loc":{"start":{"line":241,"column":12},"end":{"line":241,"column":66}},"type":"binary-expr","locations":[{"start":{"line":241,"column":12},"end":{"line":241,"column":25}},{"start":{"line":241,"column":29},"end":{"line":241,"column":66}}]},"50":{"loc":{"start":{"line":246,"column":9},"end":{"line":253,"column":5}},"type":"if","locations":[{"start":{"line":246,"column":9},"end":{"line":253,"column":5}}]},"51":{"loc":{"start":{"line":274,"column":4},"end":{"line":302,"column":5}},"type":"if","locations":[{"start":{"line":274,"column":4},"end":{"line":302,"column":5}}]},"52":{"loc":{"start":{"line":278,"column":25},"end":{"line":278,"column":69}},"type":"cond-expr","locations":[{"start":{"line":278,"column":58},"end":{"line":278,"column":60}},{"start":{"line":278,"column":58},"end":{"line":278,"column":69}}]},"53":{"loc":{"start":{"line":278,"column":25},"end":{"line":278,"column":60}},"type":"binary-expr","locations":[{"start":{"line":278,"column":25},"end":{"line":278,"column":60}},{"start":{"line":278,"column":58},"end":{"line":278,"column":60}}]},"54":{"loc":{"start":{"line":279,"column":8},"end":{"line":281,"column":9}},"type":"if","locations":[{"start":{"line":279,"column":8},"end":{"line":281,"column":9}}]},"55":{"loc":{"start":{"line":279,"column":12},"end":{"line":279,"column":50}},"type":"binary-expr","locations":[{"start":{"line":279,"column":12},"end":{"line":279,"column":21}},{"start":{"line":279,"column":25},"end":{"line":279,"column":50}}]},"56":{"loc":{"start":{"line":284,"column":8},"end":{"line":296,"column":9}},"type":"if","locations":[{"start":{"line":284,"column":8},"end":{"line":296,"column":9}},{"start":{"line":288,"column":13},"end":{"line":296,"column":9}}]},"57":{"loc":{"start":{"line":290,"column":33},"end":{"line":290,"column":76}},"type":"cond-expr","locations":[{"start":{"line":290,"column":61},"end":{"line":290,"column":63}},{"start":{"line":290,"column":61},"end":{"line":290,"column":76}}]},"58":{"loc":{"start":{"line":290,"column":33},"end":{"line":290,"column":63}},"type":"binary-expr","locations":[{"start":{"line":290,"column":33},"end":{"line":290,"column":63}},{"start":{"line":290,"column":61},"end":{"line":290,"column":63}}]},"59":{"loc":{"start":{"line":290,"column":33},"end":{"line":290,"column":61}},"type":"cond-expr","locations":[{"start":{"line":290,"column":44},"end":{"line":290,"column":46}},{"start":{"line":290,"column":33},"end":{"line":290,"column":61}}]},"60":{"loc":{"start":{"line":290,"column":33},"end":{"line":290,"column":46}},"type":"binary-expr","locations":[{"start":{"line":290,"column":33},"end":{"line":290,"column":46}},{"start":{"line":290,"column":33},"end":{"line":290,"column":46}}]},"61":{"loc":{"start":{"line":291,"column":28},"end":{"line":291,"column":93}},"type":"binary-expr","locations":[{"start":{"line":291,"column":29},"end":{"line":291,"column":51}},{"start":{"line":291,"column":55},"end":{"line":291,"column":86}},{"start":{"line":291,"column":91},"end":{"line":291,"column":93}}]},"62":{"loc":{"start":{"line":291,"column":29},"end":{"line":291,"column":51}},"type":"cond-expr","locations":[{"start":{"line":291,"column":40},"end":{"line":291,"column":42}},{"start":{"line":291,"column":29},"end":{"line":291,"column":51}}]},"63":{"loc":{"start":{"line":291,"column":29},"end":{"line":291,"column":42}},"type":"binary-expr","locations":[{"start":{"line":291,"column":29},"end":{"line":291,"column":42}},{"start":{"line":291,"column":29},"end":{"line":291,"column":42}}]},"64":{"loc":{"start":{"line":293,"column":10},"end":{"line":295,"column":11}},"type":"if","locations":[{"start":{"line":293,"column":10},"end":{"line":295,"column":11}}]},"65":{"loc":{"start":{"line":298,"column":8},"end":{"line":300,"column":9}},"type":"if","locations":[{"start":{"line":298,"column":8},"end":{"line":300,"column":9}}]},"66":{"loc":{"start":{"line":312,"column":2},"end":{"line":312,"column":23}},"type":"default-arg","locations":[{"start":{"line":312,"column":18},"end":{"line":312,"column":23}}]},"67":{"loc":{"start":{"line":320,"column":2},"end":{"line":322,"column":3}},"type":"if","locations":[{"start":{"line":320,"column":2},"end":{"line":322,"column":3}}]},"68":{"loc":{"start":{"line":327,"column":2},"end":{"line":329,"column":3}},"type":"if","locations":[{"start":{"line":327,"column":2},"end":{"line":329,"column":3}}]},"69":{"loc":{"start":{"line":332,"column":2},"end":{"line":349,"column":3}},"type":"if","locations":[{"start":{"line":332,"column":2},"end":{"line":349,"column":3}}]},"70":{"loc":{"start":{"line":332,"column":30},"end":{"line":332,"column":78}},"type":"binary-expr","locations":[{"start":{"line":332,"column":30},"end":{"line":332,"column":34}},{"start":{"line":332,"column":38},"end":{"line":332,"column":78}}]},"71":{"loc":{"start":{"line":351,"column":9},"end":{"line":357,"column":10}},"type":"cond-expr","locations":[{"start":{"line":352,"column":5},"end":{"line":355,"column":null}},{"start":{"line":357,"column":6},"end":{"line":357,"column":10}}]},"72":{"loc":{"start":{"line":363,"column":2},"end":{"line":363,"column":23}},"type":"default-arg","locations":[{"start":{"line":363,"column":18},"end":{"line":363,"column":23}}]},"73":{"loc":{"start":{"line":390,"column":10},"end":{"line":392,"column":17}},"type":"binary-expr","locations":[{"start":{"line":390,"column":10},"end":{"line":390,"column":42}},{"start":{"line":391,"column":13},"end":{"line":391,"column":90}},{"start":{"line":392,"column":13},"end":{"line":392,"column":17}}]},"74":{"loc":{"start":{"line":390,"column":10},"end":{"line":390,"column":42}},"type":"cond-expr","locations":[{"start":{"line":390,"column":31},"end":{"line":390,"column":33}},{"start":{"line":390,"column":31},"end":{"line":390,"column":42}}]},"75":{"loc":{"start":{"line":390,"column":10},"end":{"line":390,"column":33}},"type":"binary-expr","locations":[{"start":{"line":390,"column":10},"end":{"line":390,"column":33}},{"start":{"line":390,"column":31},"end":{"line":390,"column":33}}]},"76":{"loc":{"start":{"line":391,"column":13},"end":{"line":391,"column":90}},"type":"cond-expr","locations":[{"start":{"line":391,"column":83},"end":{"line":391,"column":85}},{"start":{"line":391,"column":83},"end":{"line":391,"column":90}}]},"77":{"loc":{"start":{"line":391,"column":13},"end":{"line":391,"column":85}},"type":"binary-expr","locations":[{"start":{"line":391,"column":13},"end":{"line":391,"column":85}},{"start":{"line":391,"column":83},"end":{"line":391,"column":85}}]},"78":{"loc":{"start":{"line":391,"column":37},"end":{"line":391,"column":82}},"type":"binary-expr","locations":[{"start":{"line":391,"column":37},"end":{"line":391,"column":55}},{"start":{"line":391,"column":59},"end":{"line":391,"column":82}}]},"79":{"loc":{"start":{"line":408,"column":21},"end":{"line":408,"column":54}},"type":"binary-expr","locations":[{"start":{"line":408,"column":21},"end":{"line":408,"column":48}},{"start":{"line":408,"column":52},"end":{"line":408,"column":54}}]},"80":{"loc":{"start":{"line":408,"column":21},"end":{"line":408,"column":48}},"type":"cond-expr","locations":[{"start":{"line":408,"column":31},"end":{"line":408,"column":33}},{"start":{"line":408,"column":21},"end":{"line":408,"column":48}}]},"81":{"loc":{"start":{"line":408,"column":21},"end":{"line":408,"column":33}},"type":"binary-expr","locations":[{"start":{"line":408,"column":21},"end":{"line":408,"column":33}},{"start":{"line":408,"column":21},"end":{"line":408,"column":33}}]},"82":{"loc":{"start":{"line":409,"column":22},"end":{"line":409,"column":56}},"type":"binary-expr","locations":[{"start":{"line":409,"column":22},"end":{"line":409,"column":50}},{"start":{"line":409,"column":54},"end":{"line":409,"column":56}}]},"83":{"loc":{"start":{"line":409,"column":22},"end":{"line":409,"column":50}},"type":"cond-expr","locations":[{"start":{"line":409,"column":32},"end":{"line":409,"column":34}},{"start":{"line":409,"column":22},"end":{"line":409,"column":50}}]},"84":{"loc":{"start":{"line":409,"column":22},"end":{"line":409,"column":34}},"type":"binary-expr","locations":[{"start":{"line":409,"column":22},"end":{"line":409,"column":34}},{"start":{"line":409,"column":22},"end":{"line":409,"column":34}}]},"85":{"loc":{"start":{"line":410,"column":20},"end":{"line":410,"column":52}},"type":"binary-expr","locations":[{"start":{"line":410,"column":20},"end":{"line":410,"column":46}},{"start":{"line":410,"column":50},"end":{"line":410,"column":52}}]},"86":{"loc":{"start":{"line":410,"column":20},"end":{"line":410,"column":46}},"type":"cond-expr","locations":[{"start":{"line":410,"column":30},"end":{"line":410,"column":32}},{"start":{"line":410,"column":20},"end":{"line":410,"column":46}}]},"87":{"loc":{"start":{"line":410,"column":20},"end":{"line":410,"column":32}},"type":"binary-expr","locations":[{"start":{"line":410,"column":20},"end":{"line":410,"column":32}},{"start":{"line":410,"column":20},"end":{"line":410,"column":32}}]},"88":{"loc":{"start":{"line":411,"column":19},"end":{"line":411,"column":59}},"type":"binary-expr","locations":[{"start":{"line":411,"column":19},"end":{"line":411,"column":41}},{"start":{"line":411,"column":45},"end":{"line":411,"column":59}}]},"89":{"loc":{"start":{"line":411,"column":19},"end":{"line":411,"column":41}},"type":"cond-expr","locations":[{"start":{"line":411,"column":25},"end":{"line":411,"column":27}},{"start":{"line":411,"column":19},"end":{"line":411,"column":41}}]},"90":{"loc":{"start":{"line":411,"column":19},"end":{"line":411,"column":27}},"type":"binary-expr","locations":[{"start":{"line":411,"column":19},"end":{"line":411,"column":27}},{"start":{"line":411,"column":19},"end":{"line":411,"column":27}}]},"91":{"loc":{"start":{"line":412,"column":26},"end":{"line":412,"column":47}},"type":"cond-expr","locations":[{"start":{"line":412,"column":32},"end":{"line":412,"column":34}},{"start":{"line":412,"column":26},"end":{"line":412,"column":47}}]},"92":{"loc":{"start":{"line":412,"column":26},"end":{"line":412,"column":34}},"type":"binary-expr","locations":[{"start":{"line":412,"column":26},"end":{"line":412,"column":34}},{"start":{"line":412,"column":26},"end":{"line":412,"column":34}}]},"93":{"loc":{"start":{"line":413,"column":25},"end":{"line":413,"column":47}},"type":"cond-expr","locations":[{"start":{"line":413,"column":31},"end":{"line":413,"column":33}},{"start":{"line":413,"column":25},"end":{"line":413,"column":47}}]},"94":{"loc":{"start":{"line":413,"column":25},"end":{"line":413,"column":33}},"type":"binary-expr","locations":[{"start":{"line":413,"column":25},"end":{"line":413,"column":33}},{"start":{"line":413,"column":25},"end":{"line":413,"column":33}}]},"95":{"loc":{"start":{"line":414,"column":24},"end":{"line":414,"column":69}},"type":"binary-expr","locations":[{"start":{"line":414,"column":24},"end":{"line":414,"column":45}},{"start":{"line":414,"column":49},"end":{"line":414,"column":69}}]},"96":{"loc":{"start":{"line":414,"column":24},"end":{"line":414,"column":45}},"type":"cond-expr","locations":[{"start":{"line":414,"column":30},"end":{"line":414,"column":32}},{"start":{"line":414,"column":24},"end":{"line":414,"column":45}}]},"97":{"loc":{"start":{"line":414,"column":24},"end":{"line":414,"column":32}},"type":"binary-expr","locations":[{"start":{"line":414,"column":24},"end":{"line":414,"column":32}},{"start":{"line":414,"column":24},"end":{"line":414,"column":32}}]},"98":{"loc":{"start":{"line":432,"column":6},"end":{"line":434,"column":7}},"type":"if","locations":[{"start":{"line":432,"column":6},"end":{"line":434,"column":7}}]},"99":{"loc":{"start":{"line":438,"column":10},"end":{"line":442,"column":18}},"type":"cond-expr","locations":[{"start":{"line":439,"column":13},"end":{"line":439,"column":48}},{"start":{"line":440,"column":12},"end":{"line":442,"column":18}}]},"100":{"loc":{"start":{"line":440,"column":12},"end":{"line":442,"column":18}},"type":"cond-expr","locations":[{"start":{"line":441,"column":15},"end":{"line":441,"column":65}},{"start":{"line":442,"column":14},"end":{"line":442,"column":18}}]},"101":{"loc":{"start":{"line":445,"column":6},"end":{"line":501,"column":7}},"type":"if","locations":[{"start":{"line":445,"column":6},"end":{"line":501,"column":7}},{"start":{"line":458,"column":11},"end":{"line":501,"column":7}}]},"102":{"loc":{"start":{"line":445,"column":10},"end":{"line":445,"column":94}},"type":"binary-expr","locations":[{"start":{"line":445,"column":10},"end":{"line":445,"column":18}},{"start":{"line":445,"column":22},"end":{"line":445,"column":94}}]},"103":{"loc":{"start":{"line":458,"column":11},"end":{"line":501,"column":7}},"type":"if","locations":[{"start":{"line":458,"column":11},"end":{"line":501,"column":7}},{"start":{"line":478,"column":11},"end":{"line":501,"column":7}}]},"104":{"loc":{"start":{"line":469,"column":10},"end":{"line":471,"column":11}},"type":"if","locations":[{"start":{"line":469,"column":10},"end":{"line":471,"column":11}}]},"105":{"loc":{"start":{"line":474,"column":8},"end":{"line":476,"column":9}},"type":"if","locations":[{"start":{"line":474,"column":8},"end":{"line":476,"column":9}}]},"106":{"loc":{"start":{"line":482,"column":8},"end":{"line":500,"column":9}},"type":"if","locations":[{"start":{"line":482,"column":8},"end":{"line":500,"column":9}},{"start":{"line":485,"column":13},"end":{"line":500,"column":9}}]},"107":{"loc":{"start":{"line":495,"column":12},"end":{"line":497,"column":13}},"type":"if","locations":[{"start":{"line":495,"column":12},"end":{"line":497,"column":13}}]},"108":{"loc":{"start":{"line":503,"column":6},"end":{"line":506,"column":7}},"type":"if","locations":[{"start":{"line":503,"column":6},"end":{"line":506,"column":7}}]},"109":{"loc":{"start":{"line":504,"column":8},"end":{"line":504,"column":62}},"type":"cond-expr","locations":[{"start":{"line":504,"column":40},"end":{"line":504,"column":42}},{"start":{"line":504,"column":40},"end":{"line":504,"column":62}}]},"110":{"loc":{"start":{"line":504,"column":8},"end":{"line":504,"column":42}},"type":"binary-expr","locations":[{"start":{"line":504,"column":8},"end":{"line":504,"column":42}},{"start":{"line":504,"column":40},"end":{"line":504,"column":42}}]},"111":{"loc":{"start":{"line":505,"column":8},"end":{"line":505,"column":63}},"type":"cond-expr","locations":[{"start":{"line":505,"column":41},"end":{"line":505,"column":43}},{"start":{"line":505,"column":41},"end":{"line":505,"column":63}}]},"112":{"loc":{"start":{"line":505,"column":8},"end":{"line":505,"column":43}},"type":"binary-expr","locations":[{"start":{"line":505,"column":8},"end":{"line":505,"column":43}},{"start":{"line":505,"column":41},"end":{"line":505,"column":43}}]},"113":{"loc":{"start":{"line":514,"column":2},"end":{"line":523,"column":3}},"type":"if","locations":[{"start":{"line":514,"column":2},"end":{"line":523,"column":3}}]},"114":{"loc":{"start":{"line":524,"column":9},"end":{"line":524,"column":52}},"type":"cond-expr","locations":[{"start":{"line":524,"column":42},"end":{"line":524,"column":46}},{"start":{"line":524,"column":49},"end":{"line":524,"column":52}}]},"115":{"loc":{"start":{"line":524,"column":9},"end":{"line":524,"column":39}},"type":"cond-expr","locations":[{"start":{"line":524,"column":15},"end":{"line":524,"column":17}},{"start":{"line":524,"column":9},"end":{"line":524,"column":39}}]},"116":{"loc":{"start":{"line":524,"column":9},"end":{"line":524,"column":17}},"type":"binary-expr","locations":[{"start":{"line":524,"column":9},"end":{"line":524,"column":17}},{"start":{"line":524,"column":9},"end":{"line":524,"column":17}}]},"117":{"loc":{"start":{"line":543,"column":18},"end":{"line":543,"column":52}},"type":"binary-expr","locations":[{"start":{"line":543,"column":18},"end":{"line":543,"column":33}},{"start":{"line":543,"column":37},"end":{"line":543,"column":52}}]},"118":{"loc":{"start":{"line":543,"column":18},"end":{"line":543,"column":33}},"type":"cond-expr","locations":[{"start":{"line":543,"column":24},"end":{"line":543,"column":26}},{"start":{"line":543,"column":18},"end":{"line":543,"column":33}}]},"119":{"loc":{"start":{"line":543,"column":18},"end":{"line":543,"column":26}},"type":"binary-expr","locations":[{"start":{"line":543,"column":18},"end":{"line":543,"column":26}},{"start":{"line":543,"column":18},"end":{"line":543,"column":26}}]},"120":{"loc":{"start":{"line":545,"column":2},"end":{"line":547,"column":3}},"type":"if","locations":[{"start":{"line":545,"column":2},"end":{"line":547,"column":3}}]},"121":{"loc":{"start":{"line":545,"column":6},"end":{"line":545,"column":30}},"type":"cond-expr","locations":[{"start":{"line":545,"column":12},"end":{"line":545,"column":14}},{"start":{"line":545,"column":6},"end":{"line":545,"column":30}}]},"122":{"loc":{"start":{"line":545,"column":6},"end":{"line":545,"column":14}},"type":"binary-expr","locations":[{"start":{"line":545,"column":6},"end":{"line":545,"column":14}},{"start":{"line":545,"column":6},"end":{"line":545,"column":14}}]},"123":{"loc":{"start":{"line":546,"column":34},"end":{"line":546,"column":58}},"type":"cond-expr","locations":[{"start":{"line":546,"column":40},"end":{"line":546,"column":42}},{"start":{"line":546,"column":34},"end":{"line":546,"column":58}}]},"124":{"loc":{"start":{"line":546,"column":34},"end":{"line":546,"column":42}},"type":"binary-expr","locations":[{"start":{"line":546,"column":34},"end":{"line":546,"column":42}},{"start":{"line":546,"column":34},"end":{"line":546,"column":42}}]},"125":{"loc":{"start":{"line":552,"column":2},"end":{"line":554,"column":3}},"type":"if","locations":[{"start":{"line":552,"column":2},"end":{"line":554,"column":3}}]}},"s":{"0":0,"1":0,"2":0,"3":0,"4":0,"5":0,"6":0,"7":0,"8":0,"9":0,"10":0,"11":0,"12":0,"13":0,"14":0,"15":0,"16":0,"17":0,"18":0,"19":0,"20":0,"21":0,"22":0,"23":0,"24":0,"25":0,"26":0,"27":0,"28":0,"29":0,"30":0,"31":0,"32":0,"33":0,"34":0,"35":0,"36":0,"37":0,"38":0,"39":0,"40":0,"41":0,"42":0,"43":0,"44":0,"45":0,"46":0,"47":0,"48":0,"49":0,"50":0,"51":0,"52":0,"53":0,"54":0,"55":0,"56":0,"57":0,"58":0,"59":0,"60":0,"61":0,"62":0,"63":0,"64":0,"65":0,"66":0,"67":0,"68":0,"69":0,"70":0,"71":0,"72":0,"73":0,"74":0,"75":0,"76":0,"77":0,"78":0,"79":0,"80":0,"81":0,"82":0,"83":0,"84":0,"85":0,"86":0,"87":0,"88":0,"89":0,"90":0,"91":0,"92":0,"93":0,"94":0,"95":0,"96":0,"97":0,"98":0,"99":0,"100":0,"101":0,"102":0,"103":0,"104":0,"105":0,"106":0,"107":0,"108":0,"109":0,"110":0,"111":0,"112":0,"113":0,"114":0,"115":0,"116":0,"117":0,"118":0,"119":0,"120":0,"121":0,"122":0,"123":0,"124":0,"125":0,"126":0,"127":0,"128":0,"129":0,"130":0,"131":0,"132":0,"133":0,"134":0,"135":0,"136":0,"137":0,"138":0,"139":0,"140":0,"141":0,"142":0,"143":0,"144":0,"145":0,"146":0,"147":0,"148":0,"149":0,"150":0,"151":0,"152":0,"153":0,"154":0,"155":0,"156":0,"157":0,"158":0,"159":0,"160":0,"161":0,"162":0,"163":0,"164":0,"165":0,"166":0,"167":0,"168":0,"169":0,"170":0,"171":0,"172":0,"173":0,"174":0,"175":0,"176":0,"177":0,"178":0,"179":0,"180":0,"181":0,"182":0,"183":0,"184":0,"185":0,"186":0,"187":0,"188":0,"189":0,"190":0,"191":0,"192":0,"193":0},"f":{"0":0,"1":0,"2":0,"3":0,"4":0,"5":0,"6":0,"7":0,"8":0,"9":0,"10":0,"11":0,"12":0,"13":0,"14":0,"15":0,"16":0,"17":0,"18":0,"19":0,"20":0,"21":0,"22":0,"23":0,"24":0,"25":0,"26":0,"27":0,"28":0,"29":0,"30":0,"31":0,"32":0,"33":0},"b":{"0":[0],"1":[0],"2":[0,0],"3":[0,0],"4":[0,0],"5":[0,0],"6":[0],"7":[0,0],"8":[0],"9":[0],"10":[0,0],"11":[0,0],"12":[0,0],"13":[0],"14":[0],"15":[0,0,0],"16":[0],"17":[0,0],"18":[0,0,0,0],"19":[0],"20":[0],"21":[0],"22":[0,0],"23":[0,0],"24":[0,0],"25":[0,0],"26":[0],"27":[0,0],"28":[0,0,0,0],"29":[0],"30":[0,0],"31":[0,0],"32":[0,0],"33":[0,0],"34":[0,0],"35":[0,0],"36":[0,0],"37":[0,0],"38":[0,0],"39":[0],"40":[0],"41":[0,0],"42":[0,0],"43":[0],"44":[0,0,0,0],"45":[0,0],"46":[0,0],"47":[0,0],"48":[0],"49":[0,0],"50":[0],"51":[0],"52":[0,0],"53":[0,0],"54":[0],"55":[0,0],"56":[0,0],"57":[0,0],"58":[0,0],"59":[0,0],"60":[0,0],"61":[0,0,0],"62":[0,0],"63":[0,0],"64":[0],"65":[0],"66":[0],"67":[0],"68":[0],"69":[0],"70":[0,0],"71":[0,0],"72":[0],"73":[0,0,0],"74":[0,0],"75":[0,0],"76":[0,0],"77":[0,0],"78":[0,0],"79":[0,0],"80":[0,0],"81":[0,0],"82":[0,0],"83":[0,0],"84":[0,0],"85":[0,0],"86":[0,0],"87":[0,0],"88":[0,0],"89":[0,0],"90":[0,0],"91":[0,0],"92":[0,0],"93":[0,0],"94":[0,0],"95":[0,0],"96":[0,0],"97":[0,0],"98":[0],"99":[0,0],"100":[0,0],"101":[0,0],"102":[0,0],"103":[0,0],"104":[0],"105":[0],"106":[0,0],"107":[0],"108":[0],"109":[0,0],"110":[0,0],"111":[0,0],"112":[0,0],"113":[0],"114":[0,0],"115":[0,0],"116":[0,0],"117":[0,0],"118":[0,0],"119":[0,0],"120":[0],"121":[0,0],"122":[0,0],"123":[0,0],"124":[0,0],"125":[0]}}
,"/Users/zhangyuanqing/works/github/reactuse/packages/ts-document/src/generateMarkdown.ts": {"path":"/Users/zhangyuanqing/works/github/reactuse/packages/ts-document/src/generateMarkdown.ts","statementMap":{"0":{"start":{"line":1,"column":0},"end":{"line":1,"column":33}},"1":{"start":{"line":2,"column":0},"end":{"line":2,"column":67}},"2":{"start":{"line":12,"column":0},"end":{"line":12,"column":37}},"3":{"start":{"line":14,"column":26},"end":{"line":14,"column":31}},"4":{"start":{"line":20,"column":15},"end":{"line":20,"column":42}},"5":{"start":{"line":21,"column":25},"end":{"line":21,"column":57}},"6":{"start":{"line":23,"column":2},"end":{"line":25,"column":3}},"7":{"start":{"line":24,"column":4},"end":{"line":24,"column":10}},"8":{"start":{"line":27,"column":18},"end":{"line":27,"column":46}},"9":{"start":{"line":29,"column":2},"end":{"line":31,"column":3}},"10":{"start":{"line":30,"column":4},"end":{"line":30,"column":10}},"11":{"start":{"line":33,"column":27},"end":{"line":84,"column":3}},"12":{"start":{"line":34,"column":26},"end":{"line":34,"column":88}},"13":{"start":{"line":34,"column":44},"end":{"line":34,"column":88}},"14":{"start":{"line":34,"column":66},"end":{"line":34,"column":86}},"15":{"start":{"line":35,"column":66},"end":{"line":35,"column":68}},"16":{"start":{"line":37,"column":4},"end":{"line":43,"column":null}},"17":{"start":{"line":38,"column":6},"end":{"line":38,"column":null}},"18":{"start":{"line":39,"column":6},"end":{"line":39,"column":null}},"19":{"start":{"line":40,"column":6},"end":{"line":42,"column":7}},"20":{"start":{"line":41,"column":8},"end":{"line":41,"column":null}},"21":{"start":{"line":45,"column":24},"end":{"line":46,"column":45}},"22":{"start":{"line":45,"column":60},"end":{"line":45,"column":65}},"23":{"start":{"line":46,"column":26},"end":{"line":46,"column":31}},"24":{"start":{"line":48,"column":22},"end":{"line":81,"column":17}},"25":{"start":{"line":50,"column":33},"end":{"line":50,"column":66}},"26":{"start":{"line":51,"column":29},"end":{"line":51,"column":83}},"27":{"start":{"line":52,"column":35},"end":{"line":77,"column":20}},"28":{"start":{"line":54,"column":24},"end":{"line":54,"column":36}},"29":{"start":{"line":57,"column":31},"end":{"line":57,"column":55}},"30":{"start":{"line":58,"column":12},"end":{"line":63,"column":13}},"31":{"start":{"line":59,"column":14},"end":{"line":59,"column":null}},"32":{"start":{"line":60,"column":26},"end":{"line":60,"column":70}},"33":{"start":{"line":60,"column":51},"end":{"line":60,"column":69}},"34":{"start":{"line":61,"column":28},"end":{"line":61,"column":63}},"35":{"start":{"line":62,"column":14},"end":{"line":62,"column":null}},"36":{"start":{"line":65,"column":26},"end":{"line":65,"column":39}},"37":{"start":{"line":66,"column":12},"end":{"line":75,"column":13}},"38":{"start":{"line":68,"column":16},"end":{"line":68,"column":null}},"39":{"start":{"line":71,"column":16},"end":{"line":71,"column":null}},"40":{"start":{"line":74,"column":16},"end":{"line":74,"column":null}},"41":{"start":{"line":79,"column":8},"end":{"line":79,"column":null}},"42":{"start":{"line":83,"column":4},"end":{"line":83,"column":null}},"43":{"start":{"line":86,"column":32},"end":{"line":126,"column":3}},"44":{"start":{"line":87,"column":26},"end":{"line":87,"column":57}},"45":{"start":{"line":88,"column":4},"end":{"line":125,"column":5}},"46":{"start":{"line":89,"column":27},"end":{"line":89,"column":81}},"47":{"start":{"line":90,"column":6},"end":{"line":90,"column":null}},"48":{"start":{"line":93,"column":28},"end":{"line":93,"column":96}},"49":{"start":{"line":94,"column":45},"end":{"line":94,"column":47}},"50":{"start":{"line":95,"column":6},"end":{"line":95,"column":null}},"51":{"start":{"line":95,"column":48},"end":{"line":95,"column":68}},"52":{"start":{"line":96,"column":24},"end":{"line":96,"column":42}},"53":{"start":{"line":98,"column":10},"end":{"line":103,"column":14}},"54":{"start":{"line":106,"column":48},"end":{"line":106,"column":72}},"55":{"start":{"line":107,"column":6},"end":{"line":116,"column":7}},"56":{"start":{"line":108,"column":37},"end":{"line":108,"column":43}},"57":{"start":{"line":109,"column":8},"end":{"line":111,"column":9}},"58":{"start":{"line":110,"column":10},"end":{"line":110,"column":null}},"59":{"start":{"line":112,"column":8},"end":{"line":114,"column":null}},"60":{"start":{"line":115,"column":8},"end":{"line":115,"column":null}},"61":{"start":{"line":118,"column":23},"end":{"line":118,"column":29}},"62":{"start":{"line":120,"column":6},"end":{"line":122,"column":7}},"63":{"start":{"line":121,"column":8},"end":{"line":121,"column":null}},"64":{"start":{"line":124,"column":6},"end":{"line":124,"column":null}},"65":{"start":{"line":128,"column":2},"end":{"line":134,"column":3}},"66":{"start":{"line":129,"column":35},"end":{"line":129,"column":37}},"67":{"start":{"line":130,"column":5},"end":{"line":132,"column":null}},"68":{"start":{"line":131,"column":6},"end":{"line":131,"column":61}},"69":{"start":{"line":133,"column":4},"end":{"line":133,"column":null}},"70":{"start":{"line":136,"column":46},"end":{"line":136,"column":48}},"71":{"start":{"line":137,"column":2},"end":{"line":139,"column":null}},"72":{"start":{"line":138,"column":4},"end":{"line":138,"column":null}},"73":{"start":{"line":140,"column":2},"end":{"line":140,"column":null}},"74":{"start":{"line":143,"column":0},"end":{"line":143,"column":null}}},"fnMap":{"0":{"name":"generateMarkdown","decl":{"start":{"line":16,"column":9},"end":{"line":16,"column":25}},"loc":{"start":{"line":18,"column":33},"end":{"line":141,"column":1}}},"1":{"name":"(anonymous_2)","decl":{"start":{"line":33,"column":27},"end":{"line":33,"column":28}},"loc":{"start":{"line":33,"column":77},"end":{"line":84,"column":3}}},"2":{"name":"(anonymous_3)","decl":{"start":{"line":34,"column":36},"end":{"line":34,"column":40}},"loc":{"start":{"line":34,"column":43},"end":{"line":34,"column":88}}},"3":{"name":"(anonymous_4)","decl":{"start":{"line":34,"column":61},"end":{"line":34,"column":62}},"loc":{"start":{"line":34,"column":66},"end":{"line":34,"column":86}}},"4":{"name":"(anonymous_5)","decl":{"start":{"line":37,"column":27},"end":{"line":37,"column":28}},"loc":{"start":{"line":37,"column":48},"end":{"line":43,"column":5}}},"5":{"name":"(anonymous_6)","decl":{"start":{"line":45,"column":45},"end":{"line":45,"column":46}},"loc":{"start":{"line":45,"column":60},"end":{"line":45,"column":65}}},"6":{"name":"(anonymous_7)","decl":{"start":{"line":46,"column":20},"end":{"line":46,"column":23}},"loc":{"start":{"line":46,"column":26},"end":{"line":46,"column":31}}},"7":{"name":"(anonymous_8)","decl":{"start":{"line":49,"column":11},"end":{"line":49,"column":17}},"loc":{"start":{"line":49,"column":20},"end":{"line":80,"column":7}}},"8":{"name":"(anonymous_9)","decl":{"start":{"line":53,"column":15},"end":{"line":53,"column":21}},"loc":{"start":{"line":53,"column":24},"end":{"line":76,"column":11}}},"9":{"name":"(anonymous_10)","decl":{"start":{"line":60,"column":44},"end":{"line":60,"column":47}},"loc":{"start":{"line":60,"column":51},"end":{"line":60,"column":69}}},"10":{"name":"(anonymous_11)","decl":{"start":{"line":86,"column":32},"end":{"line":86,"column":33}},"loc":{"start":{"line":86,"column":74},"end":{"line":126,"column":3}}},"11":{"name":"(anonymous_12)","decl":{"start":{"line":95,"column":26},"end":{"line":95,"column":27}},"loc":{"start":{"line":95,"column":48},"end":{"line":95,"column":68}}},"12":{"name":"(anonymous_13)","decl":{"start":{"line":130,"column":66},"end":{"line":130,"column":67}},"loc":{"start":{"line":131,"column":6},"end":{"line":131,"column":61}}},"13":{"name":"(anonymous_14)","decl":{"start":{"line":137,"column":60},"end":{"line":137,"column":61}},"loc":{"start":{"line":137,"column":80},"end":{"line":139,"column":3}}}},"branchMap":{"0":{"loc":{"start":{"line":20,"column":15},"end":{"line":20,"column":42}},"type":"binary-expr","locations":[{"start":{"line":20,"column":15},"end":{"line":20,"column":27}},{"start":{"line":20,"column":31},"end":{"line":20,"column":42}}]},"1":{"loc":{"start":{"line":20,"column":15},"end":{"line":20,"column":27}},"type":"cond-expr","locations":[{"start":{"line":20,"column":21},"end":{"line":20,"column":23}},{"start":{"line":20,"column":15},"end":{"line":20,"column":27}}]},"2":{"loc":{"start":{"line":20,"column":15},"end":{"line":20,"column":23}},"type":"binary-expr","locations":[{"start":{"line":20,"column":15},"end":{"line":20,"column":23}},{"start":{"line":20,"column":15},"end":{"line":20,"column":23}}]},"3":{"loc":{"start":{"line":23,"column":2},"end":{"line":25,"column":3}},"type":"if","locations":[{"start":{"line":23,"column":2},"end":{"line":25,"column":3}}]},"4":{"loc":{"start":{"line":29,"column":2},"end":{"line":31,"column":3}},"type":"if","locations":[{"start":{"line":29,"column":2},"end":{"line":31,"column":3}}]},"5":{"loc":{"start":{"line":34,"column":44},"end":{"line":34,"column":87}},"type":"cond-expr","locations":[{"start":{"line":34,"column":54},"end":{"line":34,"column":56}},{"start":{"line":34,"column":54},"end":{"line":34,"column":87}}]},"6":{"loc":{"start":{"line":34,"column":44},"end":{"line":34,"column":56}},"type":"binary-expr","locations":[{"start":{"line":34,"column":44},"end":{"line":34,"column":56}},{"start":{"line":34,"column":54},"end":{"line":34,"column":56}}]},"7":{"loc":{"start":{"line":34,"column":44},"end":{"line":34,"column":54}},"type":"cond-expr","locations":[{"start":{"line":34,"column":48},"end":{"line":34,"column":50}},{"start":{"line":34,"column":44},"end":{"line":34,"column":54}}]},"8":{"loc":{"start":{"line":34,"column":44},"end":{"line":34,"column":50}},"type":"binary-expr","locations":[{"start":{"line":34,"column":44},"end":{"line":34,"column":50}},{"start":{"line":34,"column":44},"end":{"line":34,"column":50}}]},"9":{"loc":{"start":{"line":38,"column":14},"end":{"line":38,"column":61}},"type":"cond-expr","locations":[{"start":{"line":38,"column":42},"end":{"line":38,"column":53}},{"start":{"line":38,"column":56},"end":{"line":38,"column":61}}]},"10":{"loc":{"start":{"line":39,"column":14},"end":{"line":39,"column":61}},"type":"cond-expr","locations":[{"start":{"line":39,"column":42},"end":{"line":39,"column":53}},{"start":{"line":39,"column":56},"end":{"line":39,"column":61}}]},"11":{"loc":{"start":{"line":40,"column":6},"end":{"line":42,"column":7}},"type":"if","locations":[{"start":{"line":40,"column":6},"end":{"line":42,"column":7}}]},"12":{"loc":{"start":{"line":40,"column":10},"end":{"line":40,"column":50}},"type":"binary-expr","locations":[{"start":{"line":40,"column":10},"end":{"line":40,"column":23}},{"start":{"line":40,"column":27},"end":{"line":40,"column":50}}]},"13":{"loc":{"start":{"line":50,"column":33},"end":{"line":50,"column":66}},"type":"cond-expr","locations":[{"start":{"line":50,"column":49},"end":{"line":50,"column":53}},{"start":{"line":50,"column":56},"end":{"line":50,"column":66}}]},"14":{"loc":{"start":{"line":51,"column":29},"end":{"line":51,"column":83}},"type":"cond-expr","locations":[{"start":{"line":51,"column":50},"end":{"line":51,"column":78}},{"start":{"line":51,"column":81},"end":{"line":51,"column":83}}]},"15":{"loc":{"start":{"line":58,"column":12},"end":{"line":63,"column":13}},"type":"if","locations":[{"start":{"line":58,"column":12},"end":{"line":63,"column":13}}]},"16":{"loc":{"start":{"line":60,"column":26},"end":{"line":60,"column":70}},"type":"cond-expr","locations":[{"start":{"line":60,"column":37},"end":{"line":60,"column":39}},{"start":{"line":60,"column":37},"end":{"line":60,"column":70}}]},"17":{"loc":{"start":{"line":60,"column":26},"end":{"line":60,"column":39}},"type":"binary-expr","locations":[{"start":{"line":60,"column":26},"end":{"line":60,"column":39}},{"start":{"line":60,"column":37},"end":{"line":60,"column":39}}]},"18":{"loc":{"start":{"line":61,"column":28},"end":{"line":61,"column":63}},"type":"cond-expr","locations":[{"start":{"line":61,"column":34},"end":{"line":61,"column":57}},{"start":{"line":61,"column":60},"end":{"line":61,"column":63}}]},"19":{"loc":{"start":{"line":62,"column":21},"end":{"line":62,"column":70}},"type":"cond-expr","locations":[{"start":{"line":62,"column":48},"end":{"line":62,"column":62}},{"start":{"line":62,"column":65},"end":{"line":62,"column":70}}]},"20":{"loc":{"start":{"line":66,"column":12},"end":{"line":75,"column":13}},"type":"switch","locations":[{"start":{"line":67,"column":14},"end":{"line":69,"column":15}},{"start":{"line":70,"column":14},"end":{"line":72,"column":15}},{"start":{"line":73,"column":14},"end":{"line":74,"column":null}}]},"21":{"loc":{"start":{"line":71,"column":23},"end":{"line":71,"column":60}},"type":"cond-expr","locations":[{"start":{"line":71,"column":40},"end":{"line":71,"column":54}},{"start":{"line":71,"column":57},"end":{"line":71,"column":60}}]},"22":{"loc":{"start":{"line":88,"column":4},"end":{"line":125,"column":5}},"type":"if","locations":[{"start":{"line":88,"column":4},"end":{"line":125,"column":5}},{"start":{"line":92,"column":9},"end":{"line":125,"column":5}}]},"23":{"loc":{"start":{"line":93,"column":28},"end":{"line":93,"column":96}},"type":"binary-expr","locations":[{"start":{"line":93,"column":28},"end":{"line":93,"column":59}},{"start":{"line":93,"column":64},"end":{"line":93,"column":96}}]},"24":{"loc":{"start":{"line":96,"column":24},"end":{"line":96,"column":42}},"type":"binary-expr","locations":[{"start":{"line":96,"column":24},"end":{"line":96,"column":36}},{"start":{"line":96,"column":40},"end":{"line":96,"column":42}}]},"25":{"loc":{"start":{"line":98,"column":10},"end":{"line":103,"column":14}},"type":"cond-expr","locations":[{"start":{"line":99,"column":12},"end":{"line":101,"column":null}},{"start":{"line":103,"column":12},"end":{"line":103,"column":14}}]},"26":{"loc":{"start":{"line":98,"column":10},"end":{"line":98,"column":45}},"type":"binary-expr","locations":[{"start":{"line":98,"column":10},"end":{"line":98,"column":22}},{"start":{"line":98,"column":26},"end":{"line":98,"column":45}}]},"27":{"loc":{"start":{"line":101,"column":13},"end":{"line":101,"column":73}},"type":"cond-expr","locations":[{"start":{"line":101,"column":48},"end":{"line":101,"column":59}},{"start":{"line":101,"column":62},"end":{"line":101,"column":73}}]},"28":{"loc":{"start":{"line":107,"column":6},"end":{"line":116,"column":7}},"type":"if","locations":[{"start":{"line":107,"column":6},"end":{"line":116,"column":7}}]},"29":{"loc":{"start":{"line":109,"column":8},"end":{"line":111,"column":9}},"type":"if","locations":[{"start":{"line":109,"column":8},"end":{"line":111,"column":9}}]},"30":{"loc":{"start":{"line":110,"column":28},"end":{"line":110,"column":53}},"type":"cond-expr","locations":[{"start":{"line":110,"column":42},"end":{"line":110,"column":48}},{"start":{"line":110,"column":51},"end":{"line":110,"column":53}}]},"31":{"loc":{"start":{"line":113,"column":10},"end":{"line":113,"column":null}},"type":"cond-expr","locations":[{"start":{"line":113,"column":24},"end":{"line":113,"column":30}},{"start":{"line":113,"column":33},"end":{"line":113,"column":null}}]},"32":{"loc":{"start":{"line":114,"column":61},"end":{"line":114,"column":90}},"type":"cond-expr","locations":[{"start":{"line":114,"column":71},"end":{"line":114,"column":85}},{"start":{"line":114,"column":88},"end":{"line":114,"column":90}}]},"33":{"loc":{"start":{"line":120,"column":6},"end":{"line":122,"column":7}},"type":"if","locations":[{"start":{"line":120,"column":6},"end":{"line":122,"column":7}}]},"34":{"loc":{"start":{"line":128,"column":2},"end":{"line":134,"column":3}},"type":"if","locations":[{"start":{"line":128,"column":2},"end":{"line":134,"column":3}}]},"35":{"loc":{"start":{"line":128,"column":6},"end":{"line":128,"column":36}},"type":"cond-expr","locations":[{"start":{"line":128,"column":12},"end":{"line":128,"column":14}},{"start":{"line":128,"column":6},"end":{"line":128,"column":36}}]},"36":{"loc":{"start":{"line":128,"column":6},"end":{"line":128,"column":14}},"type":"binary-expr","locations":[{"start":{"line":128,"column":6},"end":{"line":128,"column":14}},{"start":{"line":128,"column":6},"end":{"line":128,"column":14}}]}},"s":{"0":0,"1":0,"2":0,"3":0,"4":0,"5":0,"6":0,"7":0,"8":0,"9":0,"10":0,"11":0,"12":0,"13":0,"14":0,"15":0,"16":0,"17":0,"18":0,"19":0,"20":0,"21":0,"22":0,"23":0,"24":0,"25":0,"26":0,"27":0,"28":0,"29":0,"30":0,"31":0,"32":0,"33":0,"34":0,"35":0,"36":0,"37":0,"38":0,"39":0,"40":0,"41":0,"42":0,"43":0,"44":0,"45":0,"46":0,"47":0,"48":0,"49":0,"50":0,"51":0,"52":0,"53":0,"54":0,"55":0,"56":0,"57":0,"58":0,"59":0,"60":0,"61":0,"62":0,"63":0,"64":0,"65":0,"66":0,"67":0,"68":0,"69":0,"70":0,"71":0,"72":0,"73":0,"74":0},"f":{"0":0,"1":0,"2":0,"3":0,"4":0,"5":0,"6":0,"7":0,"8":0,"9":0,"10":0,"11":0,"12":0,"13":0},"b":{"0":[0,0],"1":[0,0],"2":[0,0],"3":[0],"4":[0],"5":[0,0],"6":[0,0],"7":[0,0],"8":[0,0],"9":[0,0],"10":[0,0],"11":[0],"12":[0,0],"13":[0,0],"14":[0,0],"15":[0],"16":[0,0],"17":[0,0],"18":[0,0],"19":[0,0],"20":[0,0,0],"21":[0,0],"22":[0,0],"23":[0,0],"24":[0,0],"25":[0,0],"26":[0,0],"27":[0,0],"28":[0],"29":[0],"30":[0,0],"31":[0,0],"32":[0,0],"33":[0],"34":[0],"35":[0,0],"36":[0,0]}}
,"/Users/zhangyuanqing/works/github/reactuse/packages/ts-document/src/index.ts": {"path":"/Users/zhangyuanqing/works/github/reactuse/packages/ts-document/src/index.ts","statementMap":{"0":{"start":{"line":1,"column":0},"end":{"line":1,"column":9}},"1":{"start":{"line":1,"column":9},"end":{"line":1,"column":28}},"2":{"start":{"line":2,"column":0},"end":{"line":2,"column":9}},"3":{"start":{"line":2,"column":9},"end":{"line":2,"column":36}},"4":{"start":{"line":3,"column":0},"end":{"line":3,"column":9}},"5":{"start":{"line":3,"column":9},"end":{"line":3,"column":34}}},"fnMap":{"0":{"name":"(anonymous_1)","decl":{"start":{"line":1,"column":9},"end":{"line":1,"column":16}},"loc":{"start":{"line":1,"column":9},"end":{"line":1,"column":28}}},"1":{"name":"(anonymous_2)","decl":{"start":{"line":2,"column":9},"end":{"line":2,"column":16}},"loc":{"start":{"line":2,"column":9},"end":{"line":2,"column":36}}},"2":{"name":"(anonymous_3)","decl":{"start":{"line":3,"column":9},"end":{"line":3,"column":16}},"loc":{"start":{"line":3,"column":9},"end":{"line":3,"column":34}}}},"branchMap":{},"s":{"0":0,"1":0,"2":0,"3":0,"4":0,"5":0},"f":{"0":0,"1":0,"2":0},"b":{}}
,"/Users/zhangyuanqing/works/github/reactuse/packages/ts-document/src/util.ts": {"path":"/Users/zhangyuanqing/works/github/reactuse/packages/ts-document/src/util.ts","statementMap":{"0":{"start":{"line":2,"column":2},"end":{"line":4,"column":3}},"1":{"start":{"line":3,"column":4},"end":{"line":3,"column":null}},"2":{"start":{"line":5,"column":15},"end":{"line":7,"column":29}},"3":{"start":{"line":8,"column":2},"end":{"line":12,"column":3}},"4":{"start":{"line":9,"column":4},"end":{"line":11,"column":null}},"5":{"start":{"line":13,"column":2},"end":{"line":13,"column":null}},"6":{"start":{"line":1,"column":0},"end":{"line":1,"column":16}},"7":{"start":{"line":23,"column":2},"end":{"line":25,"column":3}},"8":{"start":{"line":24,"column":4},"end":{"line":24,"column":null}},"9":{"start":{"line":26,"column":2},"end":{"line":26,"column":null}},"10":{"start":{"line":22,"column":0},"end":{"line":22,"column":16}}},"fnMap":{"0":{"name":"toSingleLine","decl":{"start":{"line":1,"column":16},"end":{"line":1,"column":28}},"loc":{"start":{"line":1,"column":57},"end":{"line":14,"column":1}}},"1":{"name":"escape","decl":{"start":{"line":22,"column":16},"end":{"line":22,"column":22}},"loc":{"start":{"line":22,"column":34},"end":{"line":27,"column":1}}}},"branchMap":{"0":{"loc":{"start":{"line":1,"column":29},"end":{"line":1,"column":37}},"type":"default-arg","locations":[{"start":{"line":1,"column":35},"end":{"line":1,"column":37}}]},"1":{"loc":{"start":{"line":1,"column":39},"end":{"line":1,"column":57}},"type":"default-arg","locations":[{"start":{"line":1,"column":53},"end":{"line":1,"column":57}}]},"2":{"loc":{"start":{"line":2,"column":2},"end":{"line":4,"column":3}},"type":"if","locations":[{"start":{"line":2,"column":2},"end":{"line":4,"column":3}}]},"3":{"loc":{"start":{"line":8,"column":2},"end":{"line":12,"column":3}},"type":"if","locations":[{"start":{"line":8,"column":2},"end":{"line":12,"column":3}}]},"4":{"loc":{"start":{"line":23,"column":2},"end":{"line":25,"column":3}},"type":"if","locations":[{"start":{"line":23,"column":2},"end":{"line":25,"column":3}}]},"5":{"loc":{"start":{"line":23,"column":6},"end":{"line":23,"column":40}},"type":"binary-expr","locations":[{"start":{"line":23,"column":6},"end":{"line":23,"column":10}},{"start":{"line":23,"column":14},"end":{"line":23,"column":40}}]}},"s":{"0":0,"1":0,"2":0,"3":0,"4":0,"5":0,"6":0,"7":0,"8":0,"9":0,"10":0},"f":{"0":0,"1":0},"b":{"0":[0],"1":[0],"2":[0],"3":[0],"4":[0],"5":[0,0]}}
}
