TN:
SF:src/default.ts
FN:34,(anonymous_0)
FNF:1
FNH:0
FNDA:0,(anonymous_0)
DA:3,0
DA:5,0
DA:34,0
DA:36,0
LF:4
LH:0
BRF:0
BRH:0
end_of_record
TN:
SF:src/generate.ts
FN:52,setConfig
FN:57,extractFromPropertyText
FN:74,getDeclarationTags
FN:101,(anonymous_3)
FN:106,getSymbolTags
FN:108,(anonymous_5)
FN:117,(anonymous_6)
FN:118,(anonymous_7)
FN:128,getSymbolByType
FN:132,hasJSDocTitle
FN:147,isTarget
FN:170,isAliasDeclaration
FN:179,getDeclarationBySymbol
FN:183,getDeclarationTextBySymbol
FN:196,dumpNestedTypes
FN:207,(anonymous_15)
FN:239,(anonymous_16)
FN:250,(anonymous_17)
FN:258,getDisplayTypeWithLink
FN:271,(anonymous_19)
FN:282,(anonymous_20)
FN:309,getPropertySchema
FN:332,(anonymous_22)
FN:361,getFunctionSchema
FN:369,(anonymous_24)
FN:391,(anonymous_25)
FN:402,generateSchema
FN:422,(anonymous_27)
FN:425,(anonymous_28)
FN:460,(anonymous_29)
FN:486,(anonymous_30)
FN:518,(anonymous_31)
FN:527,generate
FN:534,(anonymous_33)
FNF:34
FNH:0
FNDA:0,setConfig
FNDA:0,extractFromPropertyText
FNDA:0,getDeclarationTags
FNDA:0,(anonymous_3)
FNDA:0,getSymbolTags
FNDA:0,(anonymous_5)
FNDA:0,(anonymous_6)
FNDA:0,(anonymous_7)
FNDA:0,getSymbolByType
FNDA:0,hasJSDocTitle
FNDA:0,isTarget
FNDA:0,isAliasDeclaration
FNDA:0,getDeclarationBySymbol
FNDA:0,getDeclarationTextBySymbol
FNDA:0,dumpNestedTypes
FNDA:0,(anonymous_15)
FNDA:0,(anonymous_16)
FNDA:0,(anonymous_17)
FNDA:0,getDisplayTypeWithLink
FNDA:0,(anonymous_19)
FNDA:0,(anonymous_20)
FNDA:0,getPropertySchema
FNDA:0,(anonymous_22)
FNDA:0,getFunctionSchema
FNDA:0,(anonymous_24)
FNDA:0,(anonymous_25)
FNDA:0,generateSchema
FNDA:0,(anonymous_27)
FNDA:0,(anonymous_28)
FNDA:0,(anonymous_29)
FNDA:0,(anonymous_30)
FNDA:0,(anonymous_31)
FNDA:0,generate
FNDA:0,(anonymous_33)
DA:10,0
DA:23,0
DA:24,0
DA:26,0
DA:36,0
DA:38,0
DA:40,0
DA:48,0
DA:53,0
DA:58,0
DA:59,0
DA:60,0
DA:62,0
DA:63,0
DA:64,0
DA:66,0
DA:75,0
DA:76,0
DA:79,0
DA:80,0
DA:81,0
DA:83,0
DA:84,0
DA:85,0
DA:88,0
DA:89,0
DA:92,0
DA:93,0
DA:95,0
DA:99,0
DA:101,0
DA:107,0
DA:108,0
DA:114,0
DA:115,0
DA:116,0
DA:117,0
DA:118,0
DA:119,0
DA:125,0
DA:129,0
DA:137,0
DA:138,0
DA:140,0
DA:141,0
DA:143,0
DA:149,0
DA:150,0
DA:152,0
DA:153,0
DA:154,0
DA:156,0
DA:157,0
DA:162,0
DA:165,0
DA:172,0
DA:173,0
DA:174,0
DA:176,0
DA:180,0
DA:184,0
DA:186,0
DA:201,0
DA:202,0
DA:204,0
DA:205,0
DA:207,0
DA:208,0
DA:209,0
DA:210,0
DA:211,0
DA:218,0
DA:220,0
DA:221,0
DA:231,0
DA:235,0
DA:236,0
DA:238,0
DA:239,0
DA:240,0
DA:241,0
DA:242,0
DA:246,0
DA:248,0
DA:251,0
DA:255,0
DA:264,0
DA:271,0
DA:272,0
DA:274,0
DA:275,0
DA:277,0
DA:278,0
DA:279,0
DA:280,0
DA:282,0
DA:284,0
DA:286,0
DA:289,0
DA:290,0
DA:291,0
DA:293,0
DA:294,0
DA:298,0
DA:299,0
DA:303,0
DA:305,0
DA:317,0
DA:318,0
DA:320,0
DA:321,0
DA:324,0
DA:325,0
DA:327,0
DA:328,0
DA:331,0
DA:332,0
DA:334,0
DA:336,0
DA:343,0
DA:351,0
DA:368,0
DA:371,0
DA:373,0
DA:374,0
DA:384,0
DA:391,0
DA:408,0
DA:409,0
DA:410,0
DA:411,0
DA:412,0
DA:413,0
DA:414,0
DA:416,0
DA:417,0
DA:418,0
DA:419,0
DA:421,0
DA:423,0
DA:426,0
DA:427,0
DA:432,0
DA:433,0
DA:438,0
DA:445,0
DA:446,0
DA:458,0
DA:459,0
DA:460,0
DA:461,0
DA:469,0
DA:470,0
DA:473,0
DA:474,0
DA:475,0
DA:480,0
DA:481,0
DA:482,0
DA:483,0
DA:486,0
DA:487,0
DA:495,0
DA:496,0
DA:499,0
DA:503,0
DA:504,0
DA:505,0
DA:508,0
DA:509,0
DA:512,0
DA:513,0
DA:514,0
DA:515,0
DA:516,0
DA:519,0
DA:520,0
DA:524,0
DA:532,0
DA:535,0
DA:541,0
DA:543,0
DA:545,0
DA:546,0
DA:549,0
DA:550,0
DA:552,0
DA:553,0
DA:556,0
DA:559,0
LF:190
LH:0
BRDA:59,0,0,0
BRDA:74,1,0,0
BRDA:76,2,0,0
BRDA:76,2,1,0
BRDA:76,3,0,0
BRDA:76,3,1,0
BRDA:76,4,0,0
BRDA:76,4,1,0
BRDA:81,5,0,0
BRDA:81,5,1,0
BRDA:83,6,0,0
BRDA:88,7,0,0
BRDA:88,7,1,0
BRDA:92,8,0,0
BRDA:106,9,0,0
BRDA:110,10,0,0
BRDA:110,10,1,0
BRDA:110,11,0,0
BRDA:110,11,1,0
BRDA:110,12,0,0
BRDA:110,12,1,0
BRDA:114,13,0,0
BRDA:116,14,0,0
BRDA:116,15,0,0
BRDA:116,15,1,0
BRDA:116,15,2,0
BRDA:118,16,0,0
BRDA:129,17,0,0
BRDA:129,17,1,0
BRDA:137,18,0,0
BRDA:137,18,1,0
BRDA:137,18,2,0
BRDA:137,18,3,0
BRDA:138,19,0,0
BRDA:149,20,0,0
BRDA:153,21,0,0
BRDA:156,22,0,0
BRDA:156,22,1,0
BRDA:156,23,0,0
BRDA:156,23,1,0
BRDA:156,24,0,0
BRDA:156,24,1,0
BRDA:156,25,0,0
BRDA:156,25,1,0
BRDA:157,26,0,0
BRDA:159,27,0,0
BRDA:159,27,1,0
BRDA:166,28,0,0
BRDA:166,28,1,0
BRDA:166,28,2,0
BRDA:166,28,3,0
BRDA:173,29,0,0
BRDA:174,30,0,0
BRDA:174,30,1,0
BRDA:174,31,0,0
BRDA:174,31,1,0
BRDA:180,32,0,0
BRDA:180,32,1,0
BRDA:180,33,0,0
BRDA:180,33,1,0
BRDA:180,34,0,0
BRDA:180,34,1,0
BRDA:180,35,0,0
BRDA:180,35,1,0
BRDA:186,36,0,0
BRDA:186,36,1,0
BRDA:186,37,0,0
BRDA:186,37,1,0
BRDA:186,38,0,0
BRDA:186,38,1,0
BRDA:201,39,0,0
BRDA:204,40,0,0
BRDA:210,41,0,0
BRDA:210,41,1,0
BRDA:210,42,0,0
BRDA:210,42,1,0
BRDA:211,43,0,0
BRDA:213,44,0,0
BRDA:213,44,1,0
BRDA:213,44,2,0
BRDA:213,44,3,0
BRDA:235,45,0,0
BRDA:235,45,1,0
BRDA:236,46,0,0
BRDA:236,46,1,0
BRDA:238,47,0,0
BRDA:238,47,1,0
BRDA:241,48,0,0
BRDA:241,49,0,0
BRDA:241,49,1,0
BRDA:246,50,0,0
BRDA:274,51,0,0
BRDA:278,52,0,0
BRDA:278,52,1,0
BRDA:278,53,0,0
BRDA:278,53,1,0
BRDA:279,54,0,0
BRDA:279,55,0,0
BRDA:279,55,1,0
BRDA:284,56,0,0
BRDA:284,56,1,0
BRDA:290,57,0,0
BRDA:290,57,1,0
BRDA:290,58,0,0
BRDA:290,58,1,0
BRDA:290,59,0,0
BRDA:290,59,1,0
BRDA:290,60,0,0
BRDA:290,60,1,0
BRDA:291,61,0,0
BRDA:291,61,1,0
BRDA:291,61,2,0
BRDA:291,62,0,0
BRDA:291,62,1,0
BRDA:291,63,0,0
BRDA:291,63,1,0
BRDA:293,64,0,0
BRDA:298,65,0,0
BRDA:312,66,0,0
BRDA:320,67,0,0
BRDA:327,68,0,0
BRDA:332,69,0,0
BRDA:332,70,0,0
BRDA:332,70,1,0
BRDA:351,71,0,0
BRDA:351,71,1,0
BRDA:363,72,0,0
BRDA:390,73,0,0
BRDA:390,73,1,0
BRDA:390,73,2,0
BRDA:390,74,0,0
BRDA:390,74,1,0
BRDA:390,75,0,0
BRDA:390,75,1,0
BRDA:391,76,0,0
BRDA:391,76,1,0
BRDA:391,77,0,0
BRDA:391,77,1,0
BRDA:391,78,0,0
BRDA:391,78,1,0
BRDA:408,79,0,0
BRDA:408,79,1,0
BRDA:408,80,0,0
BRDA:408,80,1,0
BRDA:408,81,0,0
BRDA:408,81,1,0
BRDA:409,82,0,0
BRDA:409,82,1,0
BRDA:409,83,0,0
BRDA:409,83,1,0
BRDA:409,84,0,0
BRDA:409,84,1,0
BRDA:410,85,0,0
BRDA:410,85,1,0
BRDA:410,86,0,0
BRDA:410,86,1,0
BRDA:410,87,0,0
BRDA:410,87,1,0
BRDA:411,88,0,0
BRDA:411,88,1,0
BRDA:411,89,0,0
BRDA:411,89,1,0
BRDA:411,90,0,0
BRDA:411,90,1,0
BRDA:412,91,0,0
BRDA:412,91,1,0
BRDA:412,92,0,0
BRDA:412,92,1,0
BRDA:413,93,0,0
BRDA:413,93,1,0
BRDA:413,94,0,0
BRDA:413,94,1,0
BRDA:414,95,0,0
BRDA:414,95,1,0
BRDA:414,96,0,0
BRDA:414,96,1,0
BRDA:414,97,0,0
BRDA:414,97,1,0
BRDA:432,98,0,0
BRDA:438,99,0,0
BRDA:438,99,1,0
BRDA:440,100,0,0
BRDA:440,100,1,0
BRDA:445,101,0,0
BRDA:445,101,1,0
BRDA:445,102,0,0
BRDA:445,102,1,0
BRDA:458,103,0,0
BRDA:458,103,1,0
BRDA:469,104,0,0
BRDA:474,105,0,0
BRDA:482,106,0,0
BRDA:482,106,1,0
BRDA:495,107,0,0
BRDA:503,108,0,0
BRDA:504,109,0,0
BRDA:504,109,1,0
BRDA:504,110,0,0
BRDA:504,110,1,0
BRDA:505,111,0,0
BRDA:505,111,1,0
BRDA:505,112,0,0
BRDA:505,112,1,0
BRDA:514,113,0,0
BRDA:524,114,0,0
BRDA:524,114,1,0
BRDA:524,115,0,0
BRDA:524,115,1,0
BRDA:524,116,0,0
BRDA:524,116,1,0
BRDA:543,117,0,0
BRDA:543,117,1,0
BRDA:543,118,0,0
BRDA:543,118,1,0
BRDA:543,119,0,0
BRDA:543,119,1,0
BRDA:545,120,0,0
BRDA:545,121,0,0
BRDA:545,121,1,0
BRDA:545,122,0,0
BRDA:545,122,1,0
BRDA:546,123,0,0
BRDA:546,123,1,0
BRDA:546,124,0,0
BRDA:546,124,1,0
BRDA:552,125,0,0
BRF:226
BRH:0
end_of_record
TN:
SF:src/generateMarkdown.ts
FN:16,generateMarkdown
FN:33,(anonymous_2)
FN:34,(anonymous_3)
FN:34,(anonymous_4)
FN:37,(anonymous_5)
FN:45,(anonymous_6)
FN:46,(anonymous_7)
FN:49,(anonymous_8)
FN:53,(anonymous_9)
FN:60,(anonymous_10)
FN:86,(anonymous_11)
FN:95,(anonymous_12)
FN:130,(anonymous_13)
FN:137,(anonymous_14)
FNF:14
FNH:0
FNDA:0,generateMarkdown
FNDA:0,(anonymous_2)
FNDA:0,(anonymous_3)
FNDA:0,(anonymous_4)
FNDA:0,(anonymous_5)
FNDA:0,(anonymous_6)
FNDA:0,(anonymous_7)
FNDA:0,(anonymous_8)
FNDA:0,(anonymous_9)
FNDA:0,(anonymous_10)
FNDA:0,(anonymous_11)
FNDA:0,(anonymous_12)
FNDA:0,(anonymous_13)
FNDA:0,(anonymous_14)
DA:1,0
DA:2,0
DA:12,0
DA:14,0
DA:20,0
DA:21,0
DA:23,0
DA:24,0
DA:27,0
DA:29,0
DA:30,0
DA:33,0
DA:34,0
DA:35,0
DA:37,0
DA:38,0
DA:39,0
DA:40,0
DA:41,0
DA:45,0
DA:46,0
DA:48,0
DA:50,0
DA:51,0
DA:52,0
DA:54,0
DA:57,0
DA:58,0
DA:59,0
DA:60,0
DA:61,0
DA:62,0
DA:65,0
DA:66,0
DA:68,0
DA:71,0
DA:74,0
DA:79,0
DA:83,0
DA:86,0
DA:87,0
DA:88,0
DA:89,0
DA:90,0
DA:93,0
DA:94,0
DA:95,0
DA:96,0
DA:98,0
DA:106,0
DA:107,0
DA:108,0
DA:109,0
DA:110,0
DA:112,0
DA:115,0
DA:118,0
DA:120,0
DA:121,0
DA:124,0
DA:128,0
DA:129,0
DA:130,0
DA:131,0
DA:133,0
DA:136,0
DA:137,0
DA:138,0
DA:140,0
DA:143,0
LF:70
LH:0
BRDA:20,0,0,0
BRDA:20,0,1,0
BRDA:20,1,0,0
BRDA:20,1,1,0
BRDA:20,2,0,0
BRDA:20,2,1,0
BRDA:23,3,0,0
BRDA:29,4,0,0
BRDA:34,5,0,0
BRDA:34,5,1,0
BRDA:34,6,0,0
BRDA:34,6,1,0
BRDA:34,7,0,0
BRDA:34,7,1,0
BRDA:34,8,0,0
BRDA:34,8,1,0
BRDA:38,9,0,0
BRDA:38,9,1,0
BRDA:39,10,0,0
BRDA:39,10,1,0
BRDA:40,11,0,0
BRDA:40,12,0,0
BRDA:40,12,1,0
BRDA:50,13,0,0
BRDA:50,13,1,0
BRDA:51,14,0,0
BRDA:51,14,1,0
BRDA:58,15,0,0
BRDA:60,16,0,0
BRDA:60,16,1,0
BRDA:60,17,0,0
BRDA:60,17,1,0
BRDA:61,18,0,0
BRDA:61,18,1,0
BRDA:62,19,0,0
BRDA:62,19,1,0
BRDA:66,20,0,0
BRDA:66,20,1,0
BRDA:66,20,2,0
BRDA:71,21,0,0
BRDA:71,21,1,0
BRDA:88,22,0,0
BRDA:88,22,1,0
BRDA:93,23,0,0
BRDA:93,23,1,0
BRDA:96,24,0,0
BRDA:96,24,1,0
BRDA:98,25,0,0
BRDA:98,25,1,0
BRDA:98,26,0,0
BRDA:98,26,1,0
BRDA:101,27,0,0
BRDA:101,27,1,0
BRDA:107,28,0,0
BRDA:109,29,0,0
BRDA:110,30,0,0
BRDA:110,30,1,0
BRDA:113,31,0,0
BRDA:113,31,1,0
BRDA:114,32,0,0
BRDA:114,32,1,0
BRDA:120,33,0,0
BRDA:128,34,0,0
BRDA:128,35,0,0
BRDA:128,35,1,0
BRDA:128,36,0,0
BRDA:128,36,1,0
BRF:67
BRH:0
end_of_record
TN:
SF:src/index.ts
FN:1,(anonymous_1)
FN:2,(anonymous_2)
FN:3,(anonymous_3)
FNF:3
FNH:0
FNDA:0,(anonymous_1)
FNDA:0,(anonymous_2)
FNDA:0,(anonymous_3)
DA:1,0
DA:2,0
DA:3,0
LF:3
LH:0
BRF:0
BRH:0
end_of_record
TN:
SF:src/util.ts
FN:1,toSingleLine
FN:22,escape
FNF:2
FNH:0
FNDA:0,toSingleLine
FNDA:0,escape
DA:1,0
DA:2,0
DA:3,0
DA:5,0
DA:8,0
DA:9,0
DA:13,0
DA:22,0
DA:23,0
DA:24,0
DA:26,0
LF:11
LH:0
BRDA:1,0,0,0
BRDA:1,1,0,0
BRDA:2,2,0,0
BRDA:8,3,0,0
BRDA:23,4,0,0
BRDA:23,5,0,0
BRDA:23,5,1,0
BRF:7
BRH:0
end_of_record
